2019-12-10 19:06:54,332 INFO com.miniproject.project.ProjectApplicationTests [main] Starting ProjectApplicationTests on C02Y107JJGH5 with PID 65702 (started by i339628 in /Users/i339628/Project/ParentWorkspace/SpringModule)
2019-12-10 19:06:54,333 DEBUG com.miniproject.project.ProjectApplicationTests [main] Running with Spring Boot v2.2.1.RELEASE, Spring v5.2.1.RELEASE
2019-12-10 19:06:54,334 INFO com.miniproject.project.ProjectApplicationTests [main] No active profile set, falling back to default profiles: default
2019-12-10 19:06:55,568 INFO org.flywaydb.core.internal.license.VersionPrinter [main] Flyway Community Edition 6.0.8 by Redgate
2019-12-10 19:06:55,568 INFO org.flywaydb.core.internal.license.VersionPrinter [main] Flyway Community Edition 6.0.8 by Redgate
2019-12-10 19:06:55,573 DEBUG org.flywaydb.core.internal.scanner.classpath.ClassPathScanner [main] Scanning for classpath resources at 'classpath:db/migration' ...
2019-12-10 19:06:55,573 DEBUG org.flywaydb.core.internal.scanner.classpath.ClassPathScanner [main] Scanning for classpath resources at 'classpath:db/migration' ...
2019-12-10 19:06:55,574 DEBUG org.flywaydb.core.internal.scanner.classpath.ClassPathScanner [main] Determining location urls for classpath:db/migration using ClassLoader sun.misc.Launcher$AppClassLoader@4aa298b7 ...
2019-12-10 19:06:55,574 DEBUG org.flywaydb.core.internal.scanner.classpath.ClassPathScanner [main] Determining location urls for classpath:db/migration using ClassLoader sun.misc.Launcher$AppClassLoader@4aa298b7 ...
2019-12-10 19:06:55,574 DEBUG org.flywaydb.core.internal.scanner.classpath.ClassPathScanner [main] Scanning URL: file:/Users/i339628/Project/ParentWorkspace/SpringModule/target/classes/db/migration
2019-12-10 19:06:55,574 DEBUG org.flywaydb.core.internal.scanner.classpath.ClassPathScanner [main] Scanning URL: file:/Users/i339628/Project/ParentWorkspace/SpringModule/target/classes/db/migration
2019-12-10 19:06:55,575 DEBUG org.flywaydb.core.internal.util.FeatureDetector [main] JBoss VFS v2 available: false
2019-12-10 19:06:55,575 DEBUG org.flywaydb.core.internal.util.FeatureDetector [main] JBoss VFS v2 available: false
2019-12-10 19:06:55,577 DEBUG org.flywaydb.core.internal.scanner.classpath.FileSystemClassPathLocationScanner [main] Scanning starting at classpath root in filesystem: /Users/i339628/Project/ParentWorkspace/SpringModule/target/classes/
2019-12-10 19:06:55,577 DEBUG org.flywaydb.core.internal.scanner.classpath.FileSystemClassPathLocationScanner [main] Scanning starting at classpath root in filesystem: /Users/i339628/Project/ParentWorkspace/SpringModule/target/classes/
2019-12-10 19:06:55,577 DEBUG org.flywaydb.core.internal.scanner.classpath.FileSystemClassPathLocationScanner [main] Scanning for resources in path: /Users/i339628/Project/ParentWorkspace/SpringModule/target/classes/db/migration (db/migration)
2019-12-10 19:06:55,577 DEBUG org.flywaydb.core.internal.scanner.classpath.FileSystemClassPathLocationScanner [main] Scanning for resources in path: /Users/i339628/Project/ParentWorkspace/SpringModule/target/classes/db/migration (db/migration)
2019-12-10 19:06:55,580 DEBUG org.flywaydb.core.internal.scanner.classpath.ClassPathScanner [main] Found resource: db/migration/V1__initial.sql
2019-12-10 19:06:55,580 DEBUG org.flywaydb.core.internal.scanner.classpath.ClassPathScanner [main] Found resource: db/migration/V1__initial.sql
2019-12-10 19:06:55,581 DEBUG org.flywaydb.core.internal.scanner.classpath.ClassPathScanner [main] Found resource: db/migration/V2__initial.sql
2019-12-10 19:06:55,581 DEBUG org.flywaydb.core.internal.scanner.classpath.ClassPathScanner [main] Found resource: db/migration/V2__initial.sql
2019-12-10 19:06:55,581 DEBUG org.flywaydb.core.internal.scanner.classpath.ClassPathScanner [main] Scanning for classes at classpath:db/migration
2019-12-10 19:06:55,581 DEBUG org.flywaydb.core.internal.scanner.classpath.ClassPathScanner [main] Scanning for classes at classpath:db/migration
2019-12-10 19:06:55,782 ERROR com.zaxxer.hikari.pool.HikariPool [main] HikariPool-1 - Exception during pool initialization.
com.mysql.cj.jdbc.exceptions.CommunicationsException: Communications link failure

The last packet sent successfully to the server was 0 milliseconds ago. The driver has not received any packets from the server.
	at com.mysql.cj.jdbc.exceptions.SQLError.createCommunicationsException(SQLError.java:174)
	at com.mysql.cj.jdbc.exceptions.SQLExceptionsMapping.translateException(SQLExceptionsMapping.java:64)
	at com.mysql.cj.jdbc.ConnectionImpl.createNewIO(ConnectionImpl.java:836)
	at com.mysql.cj.jdbc.ConnectionImpl.<init>(ConnectionImpl.java:456)
	at com.mysql.cj.jdbc.ConnectionImpl.getInstance(ConnectionImpl.java:246)
	at com.mysql.cj.jdbc.NonRegisteringDriver.connect(NonRegisteringDriver.java:199)
	at com.zaxxer.hikari.util.DriverDataSource.getConnection(DriverDataSource.java:138)
	at com.zaxxer.hikari.pool.PoolBase.newConnection(PoolBase.java:353)
	at com.zaxxer.hikari.pool.PoolBase.newPoolEntry(PoolBase.java:201)
	at com.zaxxer.hikari.pool.HikariPool.createPoolEntry(HikariPool.java:473)
	at com.zaxxer.hikari.pool.HikariPool.checkFailFast(HikariPool.java:562)
	at com.zaxxer.hikari.pool.HikariPool.<init>(HikariPool.java:115)
	at com.zaxxer.hikari.HikariDataSource.getConnection(HikariDataSource.java:112)
	at org.flywaydb.core.internal.jdbc.JdbcUtils.openConnection(JdbcUtils.java:56)
	at org.flywaydb.core.internal.jdbc.JdbcConnectionFactory.<init>(JdbcConnectionFactory.java:80)
	at org.flywaydb.core.Flyway.execute(Flyway.java:438)
	at org.flywaydb.core.Flyway.migrate(Flyway.java:149)
	at org.springframework.boot.autoconfigure.flyway.FlywayMigrationInitializer.afterPropertiesSet(FlywayMigrationInitializer.java:65)
	at org.springframework.beans.factory.support.AbstractAutowireCapableBeanFactory.invokeInitMethods(AbstractAutowireCapableBeanFactory.java:1862)
	at org.springframework.beans.factory.support.AbstractAutowireCapableBeanFactory.initializeBean(AbstractAutowireCapableBeanFactory.java:1799)
	at org.springframework.beans.factory.support.AbstractAutowireCapableBeanFactory.doCreateBean(AbstractAutowireCapableBeanFactory.java:595)
	at org.springframework.beans.factory.support.AbstractAutowireCapableBeanFactory.createBean(AbstractAutowireCapableBeanFactory.java:517)
	at org.springframework.beans.factory.support.AbstractBeanFactory.lambda$doGetBean$0(AbstractBeanFactory.java:323)
	at org.springframework.beans.factory.support.DefaultSingletonBeanRegistry.getSingleton(DefaultSingletonBeanRegistry.java:222)
	at org.springframework.beans.factory.support.AbstractBeanFactory.doGetBean(AbstractBeanFactory.java:321)
	at org.springframework.beans.factory.support.AbstractBeanFactory.getBean(AbstractBeanFactory.java:202)
	at org.springframework.beans.factory.support.AbstractBeanFactory.doGetBean(AbstractBeanFactory.java:310)
	at org.springframework.beans.factory.support.AbstractBeanFactory.getBean(AbstractBeanFactory.java:202)
	at org.springframework.context.support.AbstractApplicationContext.getBean(AbstractApplicationContext.java:1108)
	at org.springframework.context.support.AbstractApplicationContext.finishBeanFactoryInitialization(AbstractApplicationContext.java:868)
	at org.springframework.context.support.AbstractApplicationContext.refresh(AbstractApplicationContext.java:550)
	at org.springframework.boot.SpringApplication.refresh(SpringApplication.java:747)
	at org.springframework.boot.SpringApplication.refreshContext(SpringApplication.java:397)
	at org.springframework.boot.SpringApplication.run(SpringApplication.java:315)
	at org.springframework.boot.test.context.SpringBootContextLoader.loadContext(SpringBootContextLoader.java:125)
	at org.springframework.test.context.cache.DefaultCacheAwareContextLoaderDelegate.loadContextInternal(DefaultCacheAwareContextLoaderDelegate.java:99)
	at org.springframework.test.context.cache.DefaultCacheAwareContextLoaderDelegate.loadContext(DefaultCacheAwareContextLoaderDelegate.java:124)
	at org.springframework.test.context.support.DefaultTestContext.getApplicationContext(DefaultTestContext.java:123)
	at org.springframework.test.context.web.ServletTestExecutionListener.setUpRequestContextIfNecessary(ServletTestExecutionListener.java:190)
	at org.springframework.test.context.web.ServletTestExecutionListener.prepareTestInstance(ServletTestExecutionListener.java:132)
	at org.springframework.test.context.TestContextManager.prepareTestInstance(TestContextManager.java:244)
	at org.springframework.test.context.junit.jupiter.SpringExtension.postProcessTestInstance(SpringExtension.java:98)
	at org.junit.jupiter.engine.descriptor.ClassBasedTestDescriptor.lambda$invokeTestInstancePostProcessors$5(ClassBasedTestDescriptor.java:337)
	at org.junit.jupiter.engine.descriptor.ClassBasedTestDescriptor.executeAndMaskThrowable(ClassBasedTestDescriptor.java:342)
	at org.junit.jupiter.engine.descriptor.ClassBasedTestDescriptor.lambda$invokeTestInstancePostProcessors$6(ClassBasedTestDescriptor.java:337)
	at java.util.stream.ReferencePipeline$3$1.accept(ReferencePipeline.java:193)
	at java.util.stream.ReferencePipeline$2$1.accept(ReferencePipeline.java:175)
	at java.util.ArrayList$ArrayListSpliterator.forEachRemaining(ArrayList.java:1382)
	at java.util.stream.AbstractPipeline.copyInto(AbstractPipeline.java:481)
	at java.util.stream.AbstractPipeline.wrapAndCopyInto(AbstractPipeline.java:471)
	at java.util.stream.StreamSpliterators$WrappingSpliterator.forEachRemaining(StreamSpliterators.java:312)
	at java.util.stream.Streams$ConcatSpliterator.forEachRemaining(Streams.java:743)
	at java.util.stream.Streams$ConcatSpliterator.forEachRemaining(Streams.java:742)
	at java.util.stream.ReferencePipeline$Head.forEach(ReferencePipeline.java:580)
	at org.junit.jupiter.engine.descriptor.ClassBasedTestDescriptor.invokeTestInstancePostProcessors(ClassBasedTestDescriptor.java:336)
	at org.junit.jupiter.engine.descriptor.ClassBasedTestDescriptor.instantiateAndPostProcessTestInstance(ClassBasedTestDescriptor.java:259)
	at org.junit.jupiter.engine.descriptor.ClassBasedTestDescriptor.lambda$testInstancesProvider$2(ClassBasedTestDescriptor.java:252)
	at java.util.Optional.orElseGet(Optional.java:267)
	at org.junit.jupiter.engine.descriptor.ClassBasedTestDescriptor.lambda$testInstancesProvider$3(ClassBasedTestDescriptor.java:251)
	at org.junit.jupiter.engine.execution.TestInstancesProvider.getTestInstances(TestInstancesProvider.java:29)
	at org.junit.jupiter.engine.descriptor.TestMethodTestDescriptor.lambda$prepare$0(TestMethodTestDescriptor.java:106)
	at org.junit.platform.engine.support.hierarchical.ThrowableCollector.execute(ThrowableCollector.java:73)
	at org.junit.jupiter.engine.descriptor.TestMethodTestDescriptor.prepare(TestMethodTestDescriptor.java:105)
	at org.junit.jupiter.engine.descriptor.TestMethodTestDescriptor.prepare(TestMethodTestDescriptor.java:69)
	at org.junit.platform.engine.support.hierarchical.NodeTestTask.lambda$prepare$1(NodeTestTask.java:107)
	at org.junit.platform.engine.support.hierarchical.ThrowableCollector.execute(ThrowableCollector.java:73)
	at org.junit.platform.engine.support.hierarchical.NodeTestTask.prepare(NodeTestTask.java:107)
	at org.junit.platform.engine.support.hierarchical.NodeTestTask.execute(NodeTestTask.java:75)
	at java.util.ArrayList.forEach(ArrayList.java:1257)
	at org.junit.platform.engine.support.hierarchical.SameThreadHierarchicalTestExecutorService.invokeAll(SameThreadHierarchicalTestExecutorService.java:38)
	at org.junit.platform.engine.support.hierarchical.NodeTestTask.lambda$executeRecursively$5(NodeTestTask.java:139)
	at org.junit.platform.engine.support.hierarchical.ThrowableCollector.execute(ThrowableCollector.java:73)
	at org.junit.platform.engine.support.hierarchical.NodeTestTask.lambda$executeRecursively$7(NodeTestTask.java:125)
	at org.junit.platform.engine.support.hierarchical.Node.around(Node.java:135)
	at org.junit.platform.engine.support.hierarchical.NodeTestTask.lambda$executeRecursively$8(NodeTestTask.java:123)
	at org.junit.platform.engine.support.hierarchical.ThrowableCollector.execute(ThrowableCollector.java:73)
	at org.junit.platform.engine.support.hierarchical.NodeTestTask.executeRecursively(NodeTestTask.java:122)
	at org.junit.platform.engine.support.hierarchical.NodeTestTask.execute(NodeTestTask.java:80)
	at java.util.ArrayList.forEach(ArrayList.java:1257)
	at org.junit.platform.engine.support.hierarchical.SameThreadHierarchicalTestExecutorService.invokeAll(SameThreadHierarchicalTestExecutorService.java:38)
	at org.junit.platform.engine.support.hierarchical.NodeTestTask.lambda$executeRecursively$5(NodeTestTask.java:139)
	at org.junit.platform.engine.support.hierarchical.ThrowableCollector.execute(ThrowableCollector.java:73)
	at org.junit.platform.engine.support.hierarchical.NodeTestTask.lambda$executeRecursively$7(NodeTestTask.java:125)
	at org.junit.platform.engine.support.hierarchical.Node.around(Node.java:135)
	at org.junit.platform.engine.support.hierarchical.NodeTestTask.lambda$executeRecursively$8(NodeTestTask.java:123)
	at org.junit.platform.engine.support.hierarchical.ThrowableCollector.execute(ThrowableCollector.java:73)
	at org.junit.platform.engine.support.hierarchical.NodeTestTask.executeRecursively(NodeTestTask.java:122)
	at org.junit.platform.engine.support.hierarchical.NodeTestTask.execute(NodeTestTask.java:80)
	at org.junit.platform.engine.support.hierarchical.SameThreadHierarchicalTestExecutorService.submit(SameThreadHierarchicalTestExecutorService.java:32)
	at org.junit.platform.engine.support.hierarchical.HierarchicalTestExecutor.execute(HierarchicalTestExecutor.java:57)
	at org.junit.platform.engine.support.hierarchical.HierarchicalTestEngine.execute(HierarchicalTestEngine.java:51)
	at org.junit.platform.launcher.core.DefaultLauncher.execute(DefaultLauncher.java:220)
	at org.junit.platform.launcher.core.DefaultLauncher.lambda$execute$6(DefaultLauncher.java:188)
	at org.junit.platform.launcher.core.DefaultLauncher.withInterceptedStreams(DefaultLauncher.java:202)
	at org.junit.platform.launcher.core.DefaultLauncher.execute(DefaultLauncher.java:181)
	at org.junit.platform.launcher.core.DefaultLauncher.execute(DefaultLauncher.java:128)
	at org.apache.maven.surefire.junitplatform.JUnitPlatformProvider.invokeAllTests(JUnitPlatformProvider.java:150)
	at org.apache.maven.surefire.junitplatform.JUnitPlatformProvider.invoke(JUnitPlatformProvider.java:124)
	at org.apache.maven.surefire.booter.ForkedBooter.invokeProviderInSameClassLoader(ForkedBooter.java:384)
	at org.apache.maven.surefire.booter.ForkedBooter.runSuitesInProcess(ForkedBooter.java:345)
	at org.apache.maven.surefire.booter.ForkedBooter.execute(ForkedBooter.java:126)
	at org.apache.maven.surefire.booter.ForkedBooter.main(ForkedBooter.java:418)
Caused by: com.mysql.cj.exceptions.CJCommunicationsException: Communications link failure

The last packet sent successfully to the server was 0 milliseconds ago. The driver has not received any packets from the server.
	at sun.reflect.NativeConstructorAccessorImpl.newInstance0(Native Method)
	at sun.reflect.NativeConstructorAccessorImpl.newInstance(NativeConstructorAccessorImpl.java:62)
	at sun.reflect.DelegatingConstructorAccessorImpl.newInstance(DelegatingConstructorAccessorImpl.java:45)
	at java.lang.reflect.Constructor.newInstance(Constructor.java:423)
	at com.mysql.cj.exceptions.ExceptionFactory.createException(ExceptionFactory.java:61)
	at com.mysql.cj.exceptions.ExceptionFactory.createException(ExceptionFactory.java:105)
	at com.mysql.cj.exceptions.ExceptionFactory.createException(ExceptionFactory.java:151)
	at com.mysql.cj.exceptions.ExceptionFactory.createCommunicationsException(ExceptionFactory.java:167)
	at com.mysql.cj.protocol.a.NativeSocketConnection.connect(NativeSocketConnection.java:91)
	at com.mysql.cj.NativeSession.connect(NativeSession.java:144)
	at com.mysql.cj.jdbc.ConnectionImpl.connectOneTryOnly(ConnectionImpl.java:956)
	at com.mysql.cj.jdbc.ConnectionImpl.createNewIO(ConnectionImpl.java:826)
	... 99 common frames omitted
Caused by: java.net.ConnectException: Connection refused (Connection refused)
	at java.net.PlainSocketImpl.socketConnect(Native Method)
	at java.net.AbstractPlainSocketImpl.doConnect(AbstractPlainSocketImpl.java:350)
	at java.net.AbstractPlainSocketImpl.connectToAddress(AbstractPlainSocketImpl.java:206)
	at java.net.AbstractPlainSocketImpl.connect(AbstractPlainSocketImpl.java:188)
	at java.net.SocksSocketImpl.connect(SocksSocketImpl.java:392)
	at java.net.Socket.connect(Socket.java:589)
	at com.mysql.cj.protocol.StandardSocketFactory.connect(StandardSocketFactory.java:155)
	at com.mysql.cj.protocol.a.NativeSocketConnection.connect(NativeSocketConnection.java:65)
	... 102 common frames omitted
2019-12-10 19:06:55,805 ERROR org.springframework.boot.SpringApplication [main] Application run failed
org.springframework.beans.factory.BeanCreationException: Error creating bean with name 'flywayInitializer' defined in class path resource [org/springframework/boot/autoconfigure/flyway/FlywayAutoConfiguration$FlywayConfiguration.class]: Invocation of init method failed; nested exception is org.flywaydb.core.internal.exception.FlywaySqlException: 
Unable to obtain connection from database: Communications link failure

The last packet sent successfully to the server was 0 milliseconds ago. The driver has not received any packets from the server.
--------------------------------------------------------------------------------------------------------------------------------------------------------------------------------------------------------
SQL State  : 08S01
Error Code : 0
Message    : Communications link failure

The last packet sent successfully to the server was 0 milliseconds ago. The driver has not received any packets from the server.

	at org.springframework.beans.factory.support.AbstractAutowireCapableBeanFactory.initializeBean(AbstractAutowireCapableBeanFactory.java:1803)
	at org.springframework.beans.factory.support.AbstractAutowireCapableBeanFactory.doCreateBean(AbstractAutowireCapableBeanFactory.java:595)
	at org.springframework.beans.factory.support.AbstractAutowireCapableBeanFactory.createBean(AbstractAutowireCapableBeanFactory.java:517)
	at org.springframework.beans.factory.support.AbstractBeanFactory.lambda$doGetBean$0(AbstractBeanFactory.java:323)
	at org.springframework.beans.factory.support.DefaultSingletonBeanRegistry.getSingleton(DefaultSingletonBeanRegistry.java:222)
	at org.springframework.beans.factory.support.AbstractBeanFactory.doGetBean(AbstractBeanFactory.java:321)
	at org.springframework.beans.factory.support.AbstractBeanFactory.getBean(AbstractBeanFactory.java:202)
	at org.springframework.beans.factory.support.AbstractBeanFactory.doGetBean(AbstractBeanFactory.java:310)
	at org.springframework.beans.factory.support.AbstractBeanFactory.getBean(AbstractBeanFactory.java:202)
	at org.springframework.context.support.AbstractApplicationContext.getBean(AbstractApplicationContext.java:1108)
	at org.springframework.context.support.AbstractApplicationContext.finishBeanFactoryInitialization(AbstractApplicationContext.java:868)
	at org.springframework.context.support.AbstractApplicationContext.refresh(AbstractApplicationContext.java:550)
	at org.springframework.boot.SpringApplication.refresh(SpringApplication.java:747)
	at org.springframework.boot.SpringApplication.refreshContext(SpringApplication.java:397)
	at org.springframework.boot.SpringApplication.run(SpringApplication.java:315)
	at org.springframework.boot.test.context.SpringBootContextLoader.loadContext(SpringBootContextLoader.java:125)
	at org.springframework.test.context.cache.DefaultCacheAwareContextLoaderDelegate.loadContextInternal(DefaultCacheAwareContextLoaderDelegate.java:99)
	at org.springframework.test.context.cache.DefaultCacheAwareContextLoaderDelegate.loadContext(DefaultCacheAwareContextLoaderDelegate.java:124)
	at org.springframework.test.context.support.DefaultTestContext.getApplicationContext(DefaultTestContext.java:123)
	at org.springframework.test.context.web.ServletTestExecutionListener.setUpRequestContextIfNecessary(ServletTestExecutionListener.java:190)
	at org.springframework.test.context.web.ServletTestExecutionListener.prepareTestInstance(ServletTestExecutionListener.java:132)
	at org.springframework.test.context.TestContextManager.prepareTestInstance(TestContextManager.java:244)
	at org.springframework.test.context.junit.jupiter.SpringExtension.postProcessTestInstance(SpringExtension.java:98)
	at org.junit.jupiter.engine.descriptor.ClassBasedTestDescriptor.lambda$invokeTestInstancePostProcessors$5(ClassBasedTestDescriptor.java:337)
	at org.junit.jupiter.engine.descriptor.ClassBasedTestDescriptor.executeAndMaskThrowable(ClassBasedTestDescriptor.java:342)
	at org.junit.jupiter.engine.descriptor.ClassBasedTestDescriptor.lambda$invokeTestInstancePostProcessors$6(ClassBasedTestDescriptor.java:337)
	at java.util.stream.ReferencePipeline$3$1.accept(ReferencePipeline.java:193)
	at java.util.stream.ReferencePipeline$2$1.accept(ReferencePipeline.java:175)
	at java.util.ArrayList$ArrayListSpliterator.forEachRemaining(ArrayList.java:1382)
	at java.util.stream.AbstractPipeline.copyInto(AbstractPipeline.java:481)
	at java.util.stream.AbstractPipeline.wrapAndCopyInto(AbstractPipeline.java:471)
	at java.util.stream.StreamSpliterators$WrappingSpliterator.forEachRemaining(StreamSpliterators.java:312)
	at java.util.stream.Streams$ConcatSpliterator.forEachRemaining(Streams.java:743)
	at java.util.stream.Streams$ConcatSpliterator.forEachRemaining(Streams.java:742)
	at java.util.stream.ReferencePipeline$Head.forEach(ReferencePipeline.java:580)
	at org.junit.jupiter.engine.descriptor.ClassBasedTestDescriptor.invokeTestInstancePostProcessors(ClassBasedTestDescriptor.java:336)
	at org.junit.jupiter.engine.descriptor.ClassBasedTestDescriptor.instantiateAndPostProcessTestInstance(ClassBasedTestDescriptor.java:259)
	at org.junit.jupiter.engine.descriptor.ClassBasedTestDescriptor.lambda$testInstancesProvider$2(ClassBasedTestDescriptor.java:252)
	at java.util.Optional.orElseGet(Optional.java:267)
	at org.junit.jupiter.engine.descriptor.ClassBasedTestDescriptor.lambda$testInstancesProvider$3(ClassBasedTestDescriptor.java:251)
	at org.junit.jupiter.engine.execution.TestInstancesProvider.getTestInstances(TestInstancesProvider.java:29)
	at org.junit.jupiter.engine.descriptor.TestMethodTestDescriptor.lambda$prepare$0(TestMethodTestDescriptor.java:106)
	at org.junit.platform.engine.support.hierarchical.ThrowableCollector.execute(ThrowableCollector.java:73)
	at org.junit.jupiter.engine.descriptor.TestMethodTestDescriptor.prepare(TestMethodTestDescriptor.java:105)
	at org.junit.jupiter.engine.descriptor.TestMethodTestDescriptor.prepare(TestMethodTestDescriptor.java:69)
	at org.junit.platform.engine.support.hierarchical.NodeTestTask.lambda$prepare$1(NodeTestTask.java:107)
	at org.junit.platform.engine.support.hierarchical.ThrowableCollector.execute(ThrowableCollector.java:73)
	at org.junit.platform.engine.support.hierarchical.NodeTestTask.prepare(NodeTestTask.java:107)
	at org.junit.platform.engine.support.hierarchical.NodeTestTask.execute(NodeTestTask.java:75)
	at java.util.ArrayList.forEach(ArrayList.java:1257)
	at org.junit.platform.engine.support.hierarchical.SameThreadHierarchicalTestExecutorService.invokeAll(SameThreadHierarchicalTestExecutorService.java:38)
	at org.junit.platform.engine.support.hierarchical.NodeTestTask.lambda$executeRecursively$5(NodeTestTask.java:139)
	at org.junit.platform.engine.support.hierarchical.ThrowableCollector.execute(ThrowableCollector.java:73)
	at org.junit.platform.engine.support.hierarchical.NodeTestTask.lambda$executeRecursively$7(NodeTestTask.java:125)
	at org.junit.platform.engine.support.hierarchical.Node.around(Node.java:135)
	at org.junit.platform.engine.support.hierarchical.NodeTestTask.lambda$executeRecursively$8(NodeTestTask.java:123)
	at org.junit.platform.engine.support.hierarchical.ThrowableCollector.execute(ThrowableCollector.java:73)
	at org.junit.platform.engine.support.hierarchical.NodeTestTask.executeRecursively(NodeTestTask.java:122)
	at org.junit.platform.engine.support.hierarchical.NodeTestTask.execute(NodeTestTask.java:80)
	at java.util.ArrayList.forEach(ArrayList.java:1257)
	at org.junit.platform.engine.support.hierarchical.SameThreadHierarchicalTestExecutorService.invokeAll(SameThreadHierarchicalTestExecutorService.java:38)
	at org.junit.platform.engine.support.hierarchical.NodeTestTask.lambda$executeRecursively$5(NodeTestTask.java:139)
	at org.junit.platform.engine.support.hierarchical.ThrowableCollector.execute(ThrowableCollector.java:73)
	at org.junit.platform.engine.support.hierarchical.NodeTestTask.lambda$executeRecursively$7(NodeTestTask.java:125)
	at org.junit.platform.engine.support.hierarchical.Node.around(Node.java:135)
	at org.junit.platform.engine.support.hierarchical.NodeTestTask.lambda$executeRecursively$8(NodeTestTask.java:123)
	at org.junit.platform.engine.support.hierarchical.ThrowableCollector.execute(ThrowableCollector.java:73)
	at org.junit.platform.engine.support.hierarchical.NodeTestTask.executeRecursively(NodeTestTask.java:122)
	at org.junit.platform.engine.support.hierarchical.NodeTestTask.execute(NodeTestTask.java:80)
	at org.junit.platform.engine.support.hierarchical.SameThreadHierarchicalTestExecutorService.submit(SameThreadHierarchicalTestExecutorService.java:32)
	at org.junit.platform.engine.support.hierarchical.HierarchicalTestExecutor.execute(HierarchicalTestExecutor.java:57)
	at org.junit.platform.engine.support.hierarchical.HierarchicalTestEngine.execute(HierarchicalTestEngine.java:51)
	at org.junit.platform.launcher.core.DefaultLauncher.execute(DefaultLauncher.java:220)
	at org.junit.platform.launcher.core.DefaultLauncher.lambda$execute$6(DefaultLauncher.java:188)
	at org.junit.platform.launcher.core.DefaultLauncher.withInterceptedStreams(DefaultLauncher.java:202)
	at org.junit.platform.launcher.core.DefaultLauncher.execute(DefaultLauncher.java:181)
	at org.junit.platform.launcher.core.DefaultLauncher.execute(DefaultLauncher.java:128)
	at org.apache.maven.surefire.junitplatform.JUnitPlatformProvider.invokeAllTests(JUnitPlatformProvider.java:150)
	at org.apache.maven.surefire.junitplatform.JUnitPlatformProvider.invoke(JUnitPlatformProvider.java:124)
	at org.apache.maven.surefire.booter.ForkedBooter.invokeProviderInSameClassLoader(ForkedBooter.java:384)
	at org.apache.maven.surefire.booter.ForkedBooter.runSuitesInProcess(ForkedBooter.java:345)
	at org.apache.maven.surefire.booter.ForkedBooter.execute(ForkedBooter.java:126)
	at org.apache.maven.surefire.booter.ForkedBooter.main(ForkedBooter.java:418)
Caused by: org.flywaydb.core.internal.exception.FlywaySqlException: 
Unable to obtain connection from database: Communications link failure

The last packet sent successfully to the server was 0 milliseconds ago. The driver has not received any packets from the server.
--------------------------------------------------------------------------------------------------------------------------------------------------------------------------------------------------------
SQL State  : 08S01
Error Code : 0
Message    : Communications link failure

The last packet sent successfully to the server was 0 milliseconds ago. The driver has not received any packets from the server.

	at org.flywaydb.core.internal.jdbc.JdbcUtils.openConnection(JdbcUtils.java:60)
	at org.flywaydb.core.internal.jdbc.JdbcConnectionFactory.<init>(JdbcConnectionFactory.java:80)
	at org.flywaydb.core.Flyway.execute(Flyway.java:438)
	at org.flywaydb.core.Flyway.migrate(Flyway.java:149)
	at org.springframework.boot.autoconfigure.flyway.FlywayMigrationInitializer.afterPropertiesSet(FlywayMigrationInitializer.java:65)
	at org.springframework.beans.factory.support.AbstractAutowireCapableBeanFactory.invokeInitMethods(AbstractAutowireCapableBeanFactory.java:1862)
	at org.springframework.beans.factory.support.AbstractAutowireCapableBeanFactory.initializeBean(AbstractAutowireCapableBeanFactory.java:1799)
	... 82 common frames omitted
Caused by: com.mysql.cj.jdbc.exceptions.CommunicationsException: Communications link failure

The last packet sent successfully to the server was 0 milliseconds ago. The driver has not received any packets from the server.
	at com.mysql.cj.jdbc.exceptions.SQLError.createCommunicationsException(SQLError.java:174)
	at com.mysql.cj.jdbc.exceptions.SQLExceptionsMapping.translateException(SQLExceptionsMapping.java:64)
	at com.mysql.cj.jdbc.ConnectionImpl.createNewIO(ConnectionImpl.java:836)
	at com.mysql.cj.jdbc.ConnectionImpl.<init>(ConnectionImpl.java:456)
	at com.mysql.cj.jdbc.ConnectionImpl.getInstance(ConnectionImpl.java:246)
	at com.mysql.cj.jdbc.NonRegisteringDriver.connect(NonRegisteringDriver.java:199)
	at com.zaxxer.hikari.util.DriverDataSource.getConnection(DriverDataSource.java:138)
	at com.zaxxer.hikari.pool.PoolBase.newConnection(PoolBase.java:353)
	at com.zaxxer.hikari.pool.PoolBase.newPoolEntry(PoolBase.java:201)
	at com.zaxxer.hikari.pool.HikariPool.createPoolEntry(HikariPool.java:473)
	at com.zaxxer.hikari.pool.HikariPool.checkFailFast(HikariPool.java:562)
	at com.zaxxer.hikari.pool.HikariPool.<init>(HikariPool.java:115)
	at com.zaxxer.hikari.HikariDataSource.getConnection(HikariDataSource.java:112)
	at org.flywaydb.core.internal.jdbc.JdbcUtils.openConnection(JdbcUtils.java:56)
	... 88 common frames omitted
Caused by: com.mysql.cj.exceptions.CJCommunicationsException: Communications link failure

The last packet sent successfully to the server was 0 milliseconds ago. The driver has not received any packets from the server.
	at sun.reflect.NativeConstructorAccessorImpl.newInstance0(Native Method)
	at sun.reflect.NativeConstructorAccessorImpl.newInstance(NativeConstructorAccessorImpl.java:62)
	at sun.reflect.DelegatingConstructorAccessorImpl.newInstance(DelegatingConstructorAccessorImpl.java:45)
	at java.lang.reflect.Constructor.newInstance(Constructor.java:423)
	at com.mysql.cj.exceptions.ExceptionFactory.createException(ExceptionFactory.java:61)
	at com.mysql.cj.exceptions.ExceptionFactory.createException(ExceptionFactory.java:105)
	at com.mysql.cj.exceptions.ExceptionFactory.createException(ExceptionFactory.java:151)
	at com.mysql.cj.exceptions.ExceptionFactory.createCommunicationsException(ExceptionFactory.java:167)
	at com.mysql.cj.protocol.a.NativeSocketConnection.connect(NativeSocketConnection.java:91)
	at com.mysql.cj.NativeSession.connect(NativeSession.java:144)
	at com.mysql.cj.jdbc.ConnectionImpl.connectOneTryOnly(ConnectionImpl.java:956)
	at com.mysql.cj.jdbc.ConnectionImpl.createNewIO(ConnectionImpl.java:826)
	... 99 common frames omitted
Caused by: java.net.ConnectException: Connection refused (Connection refused)
	at java.net.PlainSocketImpl.socketConnect(Native Method)
	at java.net.AbstractPlainSocketImpl.doConnect(AbstractPlainSocketImpl.java:350)
	at java.net.AbstractPlainSocketImpl.connectToAddress(AbstractPlainSocketImpl.java:206)
	at java.net.AbstractPlainSocketImpl.connect(AbstractPlainSocketImpl.java:188)
	at java.net.SocksSocketImpl.connect(SocksSocketImpl.java:392)
	at java.net.Socket.connect(Socket.java:589)
	at com.mysql.cj.protocol.StandardSocketFactory.connect(StandardSocketFactory.java:155)
	at com.mysql.cj.protocol.a.NativeSocketConnection.connect(NativeSocketConnection.java:65)
	... 102 common frames omitted
2019-12-10 19:06:55,809 ERROR org.springframework.test.context.TestContextManager [main] Caught exception while allowing TestExecutionListener [org.springframework.test.context.web.ServletTestExecutionListener@6d469831] to prepare test instance [com.miniproject.project.ProjectApplicationTests@74db12c2]
java.lang.IllegalStateException: Failed to load ApplicationContext
	at org.springframework.test.context.cache.DefaultCacheAwareContextLoaderDelegate.loadContext(DefaultCacheAwareContextLoaderDelegate.java:132)
	at org.springframework.test.context.support.DefaultTestContext.getApplicationContext(DefaultTestContext.java:123)
	at org.springframework.test.context.web.ServletTestExecutionListener.setUpRequestContextIfNecessary(ServletTestExecutionListener.java:190)
	at org.springframework.test.context.web.ServletTestExecutionListener.prepareTestInstance(ServletTestExecutionListener.java:132)
	at org.springframework.test.context.TestContextManager.prepareTestInstance(TestContextManager.java:244)
	at org.springframework.test.context.junit.jupiter.SpringExtension.postProcessTestInstance(SpringExtension.java:98)
	at org.junit.jupiter.engine.descriptor.ClassBasedTestDescriptor.lambda$invokeTestInstancePostProcessors$5(ClassBasedTestDescriptor.java:337)
	at org.junit.jupiter.engine.descriptor.ClassBasedTestDescriptor.executeAndMaskThrowable(ClassBasedTestDescriptor.java:342)
	at org.junit.jupiter.engine.descriptor.ClassBasedTestDescriptor.lambda$invokeTestInstancePostProcessors$6(ClassBasedTestDescriptor.java:337)
	at java.util.stream.ReferencePipeline$3$1.accept(ReferencePipeline.java:193)
	at java.util.stream.ReferencePipeline$2$1.accept(ReferencePipeline.java:175)
	at java.util.ArrayList$ArrayListSpliterator.forEachRemaining(ArrayList.java:1382)
	at java.util.stream.AbstractPipeline.copyInto(AbstractPipeline.java:481)
	at java.util.stream.AbstractPipeline.wrapAndCopyInto(AbstractPipeline.java:471)
	at java.util.stream.StreamSpliterators$WrappingSpliterator.forEachRemaining(StreamSpliterators.java:312)
	at java.util.stream.Streams$ConcatSpliterator.forEachRemaining(Streams.java:743)
	at java.util.stream.Streams$ConcatSpliterator.forEachRemaining(Streams.java:742)
	at java.util.stream.ReferencePipeline$Head.forEach(ReferencePipeline.java:580)
	at org.junit.jupiter.engine.descriptor.ClassBasedTestDescriptor.invokeTestInstancePostProcessors(ClassBasedTestDescriptor.java:336)
	at org.junit.jupiter.engine.descriptor.ClassBasedTestDescriptor.instantiateAndPostProcessTestInstance(ClassBasedTestDescriptor.java:259)
	at org.junit.jupiter.engine.descriptor.ClassBasedTestDescriptor.lambda$testInstancesProvider$2(ClassBasedTestDescriptor.java:252)
	at java.util.Optional.orElseGet(Optional.java:267)
	at org.junit.jupiter.engine.descriptor.ClassBasedTestDescriptor.lambda$testInstancesProvider$3(ClassBasedTestDescriptor.java:251)
	at org.junit.jupiter.engine.execution.TestInstancesProvider.getTestInstances(TestInstancesProvider.java:29)
	at org.junit.jupiter.engine.descriptor.TestMethodTestDescriptor.lambda$prepare$0(TestMethodTestDescriptor.java:106)
	at org.junit.platform.engine.support.hierarchical.ThrowableCollector.execute(ThrowableCollector.java:73)
	at org.junit.jupiter.engine.descriptor.TestMethodTestDescriptor.prepare(TestMethodTestDescriptor.java:105)
	at org.junit.jupiter.engine.descriptor.TestMethodTestDescriptor.prepare(TestMethodTestDescriptor.java:69)
	at org.junit.platform.engine.support.hierarchical.NodeTestTask.lambda$prepare$1(NodeTestTask.java:107)
	at org.junit.platform.engine.support.hierarchical.ThrowableCollector.execute(ThrowableCollector.java:73)
	at org.junit.platform.engine.support.hierarchical.NodeTestTask.prepare(NodeTestTask.java:107)
	at org.junit.platform.engine.support.hierarchical.NodeTestTask.execute(NodeTestTask.java:75)
	at java.util.ArrayList.forEach(ArrayList.java:1257)
	at org.junit.platform.engine.support.hierarchical.SameThreadHierarchicalTestExecutorService.invokeAll(SameThreadHierarchicalTestExecutorService.java:38)
	at org.junit.platform.engine.support.hierarchical.NodeTestTask.lambda$executeRecursively$5(NodeTestTask.java:139)
	at org.junit.platform.engine.support.hierarchical.ThrowableCollector.execute(ThrowableCollector.java:73)
	at org.junit.platform.engine.support.hierarchical.NodeTestTask.lambda$executeRecursively$7(NodeTestTask.java:125)
	at org.junit.platform.engine.support.hierarchical.Node.around(Node.java:135)
	at org.junit.platform.engine.support.hierarchical.NodeTestTask.lambda$executeRecursively$8(NodeTestTask.java:123)
	at org.junit.platform.engine.support.hierarchical.ThrowableCollector.execute(ThrowableCollector.java:73)
	at org.junit.platform.engine.support.hierarchical.NodeTestTask.executeRecursively(NodeTestTask.java:122)
	at org.junit.platform.engine.support.hierarchical.NodeTestTask.execute(NodeTestTask.java:80)
	at java.util.ArrayList.forEach(ArrayList.java:1257)
	at org.junit.platform.engine.support.hierarchical.SameThreadHierarchicalTestExecutorService.invokeAll(SameThreadHierarchicalTestExecutorService.java:38)
	at org.junit.platform.engine.support.hierarchical.NodeTestTask.lambda$executeRecursively$5(NodeTestTask.java:139)
	at org.junit.platform.engine.support.hierarchical.ThrowableCollector.execute(ThrowableCollector.java:73)
	at org.junit.platform.engine.support.hierarchical.NodeTestTask.lambda$executeRecursively$7(NodeTestTask.java:125)
	at org.junit.platform.engine.support.hierarchical.Node.around(Node.java:135)
	at org.junit.platform.engine.support.hierarchical.NodeTestTask.lambda$executeRecursively$8(NodeTestTask.java:123)
	at org.junit.platform.engine.support.hierarchical.ThrowableCollector.execute(ThrowableCollector.java:73)
	at org.junit.platform.engine.support.hierarchical.NodeTestTask.executeRecursively(NodeTestTask.java:122)
	at org.junit.platform.engine.support.hierarchical.NodeTestTask.execute(NodeTestTask.java:80)
	at org.junit.platform.engine.support.hierarchical.SameThreadHierarchicalTestExecutorService.submit(SameThreadHierarchicalTestExecutorService.java:32)
	at org.junit.platform.engine.support.hierarchical.HierarchicalTestExecutor.execute(HierarchicalTestExecutor.java:57)
	at org.junit.platform.engine.support.hierarchical.HierarchicalTestEngine.execute(HierarchicalTestEngine.java:51)
	at org.junit.platform.launcher.core.DefaultLauncher.execute(DefaultLauncher.java:220)
	at org.junit.platform.launcher.core.DefaultLauncher.lambda$execute$6(DefaultLauncher.java:188)
	at org.junit.platform.launcher.core.DefaultLauncher.withInterceptedStreams(DefaultLauncher.java:202)
	at org.junit.platform.launcher.core.DefaultLauncher.execute(DefaultLauncher.java:181)
	at org.junit.platform.launcher.core.DefaultLauncher.execute(DefaultLauncher.java:128)
	at org.apache.maven.surefire.junitplatform.JUnitPlatformProvider.invokeAllTests(JUnitPlatformProvider.java:150)
	at org.apache.maven.surefire.junitplatform.JUnitPlatformProvider.invoke(JUnitPlatformProvider.java:124)
	at org.apache.maven.surefire.booter.ForkedBooter.invokeProviderInSameClassLoader(ForkedBooter.java:384)
	at org.apache.maven.surefire.booter.ForkedBooter.runSuitesInProcess(ForkedBooter.java:345)
	at org.apache.maven.surefire.booter.ForkedBooter.execute(ForkedBooter.java:126)
	at org.apache.maven.surefire.booter.ForkedBooter.main(ForkedBooter.java:418)
Caused by: org.springframework.beans.factory.BeanCreationException: Error creating bean with name 'flywayInitializer' defined in class path resource [org/springframework/boot/autoconfigure/flyway/FlywayAutoConfiguration$FlywayConfiguration.class]: Invocation of init method failed; nested exception is org.flywaydb.core.internal.exception.FlywaySqlException: 
Unable to obtain connection from database: Communications link failure

The last packet sent successfully to the server was 0 milliseconds ago. The driver has not received any packets from the server.
--------------------------------------------------------------------------------------------------------------------------------------------------------------------------------------------------------
SQL State  : 08S01
Error Code : 0
Message    : Communications link failure

The last packet sent successfully to the server was 0 milliseconds ago. The driver has not received any packets from the server.

	at org.springframework.beans.factory.support.AbstractAutowireCapableBeanFactory.initializeBean(AbstractAutowireCapableBeanFactory.java:1803)
	at org.springframework.beans.factory.support.AbstractAutowireCapableBeanFactory.doCreateBean(AbstractAutowireCapableBeanFactory.java:595)
	at org.springframework.beans.factory.support.AbstractAutowireCapableBeanFactory.createBean(AbstractAutowireCapableBeanFactory.java:517)
	at org.springframework.beans.factory.support.AbstractBeanFactory.lambda$doGetBean$0(AbstractBeanFactory.java:323)
	at org.springframework.beans.factory.support.DefaultSingletonBeanRegistry.getSingleton(DefaultSingletonBeanRegistry.java:222)
	at org.springframework.beans.factory.support.AbstractBeanFactory.doGetBean(AbstractBeanFactory.java:321)
	at org.springframework.beans.factory.support.AbstractBeanFactory.getBean(AbstractBeanFactory.java:202)
	at org.springframework.beans.factory.support.AbstractBeanFactory.doGetBean(AbstractBeanFactory.java:310)
	at org.springframework.beans.factory.support.AbstractBeanFactory.getBean(AbstractBeanFactory.java:202)
	at org.springframework.context.support.AbstractApplicationContext.getBean(AbstractApplicationContext.java:1108)
	at org.springframework.context.support.AbstractApplicationContext.finishBeanFactoryInitialization(AbstractApplicationContext.java:868)
	at org.springframework.context.support.AbstractApplicationContext.refresh(AbstractApplicationContext.java:550)
	at org.springframework.boot.SpringApplication.refresh(SpringApplication.java:747)
	at org.springframework.boot.SpringApplication.refreshContext(SpringApplication.java:397)
	at org.springframework.boot.SpringApplication.run(SpringApplication.java:315)
	at org.springframework.boot.test.context.SpringBootContextLoader.loadContext(SpringBootContextLoader.java:125)
	at org.springframework.test.context.cache.DefaultCacheAwareContextLoaderDelegate.loadContextInternal(DefaultCacheAwareContextLoaderDelegate.java:99)
	at org.springframework.test.context.cache.DefaultCacheAwareContextLoaderDelegate.loadContext(DefaultCacheAwareContextLoaderDelegate.java:124)
	... 65 common frames omitted
Caused by: org.flywaydb.core.internal.exception.FlywaySqlException: 
Unable to obtain connection from database: Communications link failure

The last packet sent successfully to the server was 0 milliseconds ago. The driver has not received any packets from the server.
--------------------------------------------------------------------------------------------------------------------------------------------------------------------------------------------------------
SQL State  : 08S01
Error Code : 0
Message    : Communications link failure

The last packet sent successfully to the server was 0 milliseconds ago. The driver has not received any packets from the server.

	at org.flywaydb.core.internal.jdbc.JdbcUtils.openConnection(JdbcUtils.java:60)
	at org.flywaydb.core.internal.jdbc.JdbcConnectionFactory.<init>(JdbcConnectionFactory.java:80)
	at org.flywaydb.core.Flyway.execute(Flyway.java:438)
	at org.flywaydb.core.Flyway.migrate(Flyway.java:149)
	at org.springframework.boot.autoconfigure.flyway.FlywayMigrationInitializer.afterPropertiesSet(FlywayMigrationInitializer.java:65)
	at org.springframework.beans.factory.support.AbstractAutowireCapableBeanFactory.invokeInitMethods(AbstractAutowireCapableBeanFactory.java:1862)
	at org.springframework.beans.factory.support.AbstractAutowireCapableBeanFactory.initializeBean(AbstractAutowireCapableBeanFactory.java:1799)
	... 82 common frames omitted
Caused by: com.mysql.cj.jdbc.exceptions.CommunicationsException: Communications link failure

The last packet sent successfully to the server was 0 milliseconds ago. The driver has not received any packets from the server.
	at com.mysql.cj.jdbc.exceptions.SQLError.createCommunicationsException(SQLError.java:174)
	at com.mysql.cj.jdbc.exceptions.SQLExceptionsMapping.translateException(SQLExceptionsMapping.java:64)
	at com.mysql.cj.jdbc.ConnectionImpl.createNewIO(ConnectionImpl.java:836)
	at com.mysql.cj.jdbc.ConnectionImpl.<init>(ConnectionImpl.java:456)
	at com.mysql.cj.jdbc.ConnectionImpl.getInstance(ConnectionImpl.java:246)
	at com.mysql.cj.jdbc.NonRegisteringDriver.connect(NonRegisteringDriver.java:199)
	at com.zaxxer.hikari.util.DriverDataSource.getConnection(DriverDataSource.java:138)
	at com.zaxxer.hikari.pool.PoolBase.newConnection(PoolBase.java:353)
	at com.zaxxer.hikari.pool.PoolBase.newPoolEntry(PoolBase.java:201)
	at com.zaxxer.hikari.pool.HikariPool.createPoolEntry(HikariPool.java:473)
	at com.zaxxer.hikari.pool.HikariPool.checkFailFast(HikariPool.java:562)
	at com.zaxxer.hikari.pool.HikariPool.<init>(HikariPool.java:115)
	at com.zaxxer.hikari.HikariDataSource.getConnection(HikariDataSource.java:112)
	at org.flywaydb.core.internal.jdbc.JdbcUtils.openConnection(JdbcUtils.java:56)
	... 88 common frames omitted
Caused by: com.mysql.cj.exceptions.CJCommunicationsException: Communications link failure

The last packet sent successfully to the server was 0 milliseconds ago. The driver has not received any packets from the server.
	at sun.reflect.NativeConstructorAccessorImpl.newInstance0(Native Method)
	at sun.reflect.NativeConstructorAccessorImpl.newInstance(NativeConstructorAccessorImpl.java:62)
	at sun.reflect.DelegatingConstructorAccessorImpl.newInstance(DelegatingConstructorAccessorImpl.java:45)
	at java.lang.reflect.Constructor.newInstance(Constructor.java:423)
	at com.mysql.cj.exceptions.ExceptionFactory.createException(ExceptionFactory.java:61)
	at com.mysql.cj.exceptions.ExceptionFactory.createException(ExceptionFactory.java:105)
	at com.mysql.cj.exceptions.ExceptionFactory.createException(ExceptionFactory.java:151)
	at com.mysql.cj.exceptions.ExceptionFactory.createCommunicationsException(ExceptionFactory.java:167)
	at com.mysql.cj.protocol.a.NativeSocketConnection.connect(NativeSocketConnection.java:91)
	at com.mysql.cj.NativeSession.connect(NativeSession.java:144)
	at com.mysql.cj.jdbc.ConnectionImpl.connectOneTryOnly(ConnectionImpl.java:956)
	at com.mysql.cj.jdbc.ConnectionImpl.createNewIO(ConnectionImpl.java:826)
	... 99 common frames omitted
Caused by: java.net.ConnectException: Connection refused (Connection refused)
	at java.net.PlainSocketImpl.socketConnect(Native Method)
	at java.net.AbstractPlainSocketImpl.doConnect(AbstractPlainSocketImpl.java:350)
	at java.net.AbstractPlainSocketImpl.connectToAddress(AbstractPlainSocketImpl.java:206)
	at java.net.AbstractPlainSocketImpl.connect(AbstractPlainSocketImpl.java:188)
	at java.net.SocksSocketImpl.connect(SocksSocketImpl.java:392)
	at java.net.Socket.connect(Socket.java:589)
	at com.mysql.cj.protocol.StandardSocketFactory.connect(StandardSocketFactory.java:155)
	at com.mysql.cj.protocol.a.NativeSocketConnection.connect(NativeSocketConnection.java:65)
	... 102 common frames omitted
2019-12-10 19:09:44,739 INFO com.miniproject.project.ProjectApplicationTests [main] Starting ProjectApplicationTests on C02Y107JJGH5 with PID 65846 (started by i339628 in /Users/i339628/Project/ParentWorkspace/SpringModule)
2019-12-10 19:09:44,770 DEBUG com.miniproject.project.ProjectApplicationTests [main] Running with Spring Boot v2.2.1.RELEASE, Spring v5.2.1.RELEASE
2019-12-10 19:09:44,770 INFO com.miniproject.project.ProjectApplicationTests [main] No active profile set, falling back to default profiles: default
2019-12-10 19:09:46,024 INFO org.flywaydb.core.internal.license.VersionPrinter [main] Flyway Community Edition 6.0.8 by Redgate
2019-12-10 19:09:46,024 INFO org.flywaydb.core.internal.license.VersionPrinter [main] Flyway Community Edition 6.0.8 by Redgate
2019-12-10 19:09:46,028 DEBUG org.flywaydb.core.internal.scanner.classpath.ClassPathScanner [main] Scanning for classpath resources at 'classpath:db/migration' ...
2019-12-10 19:09:46,028 DEBUG org.flywaydb.core.internal.scanner.classpath.ClassPathScanner [main] Scanning for classpath resources at 'classpath:db/migration' ...
2019-12-10 19:09:46,028 DEBUG org.flywaydb.core.internal.scanner.classpath.ClassPathScanner [main] Determining location urls for classpath:db/migration using ClassLoader sun.misc.Launcher$AppClassLoader@4aa298b7 ...
2019-12-10 19:09:46,028 DEBUG org.flywaydb.core.internal.scanner.classpath.ClassPathScanner [main] Determining location urls for classpath:db/migration using ClassLoader sun.misc.Launcher$AppClassLoader@4aa298b7 ...
2019-12-10 19:09:46,029 DEBUG org.flywaydb.core.internal.scanner.classpath.ClassPathScanner [main] Scanning URL: file:/Users/i339628/Project/ParentWorkspace/SpringModule/target/classes/db/migration
2019-12-10 19:09:46,029 DEBUG org.flywaydb.core.internal.scanner.classpath.ClassPathScanner [main] Scanning URL: file:/Users/i339628/Project/ParentWorkspace/SpringModule/target/classes/db/migration
2019-12-10 19:09:46,030 DEBUG org.flywaydb.core.internal.util.FeatureDetector [main] JBoss VFS v2 available: false
2019-12-10 19:09:46,030 DEBUG org.flywaydb.core.internal.util.FeatureDetector [main] JBoss VFS v2 available: false
2019-12-10 19:09:46,031 DEBUG org.flywaydb.core.internal.scanner.classpath.FileSystemClassPathLocationScanner [main] Scanning starting at classpath root in filesystem: /Users/i339628/Project/ParentWorkspace/SpringModule/target/classes/
2019-12-10 19:09:46,031 DEBUG org.flywaydb.core.internal.scanner.classpath.FileSystemClassPathLocationScanner [main] Scanning starting at classpath root in filesystem: /Users/i339628/Project/ParentWorkspace/SpringModule/target/classes/
2019-12-10 19:09:46,032 DEBUG org.flywaydb.core.internal.scanner.classpath.FileSystemClassPathLocationScanner [main] Scanning for resources in path: /Users/i339628/Project/ParentWorkspace/SpringModule/target/classes/db/migration (db/migration)
2019-12-10 19:09:46,032 DEBUG org.flywaydb.core.internal.scanner.classpath.FileSystemClassPathLocationScanner [main] Scanning for resources in path: /Users/i339628/Project/ParentWorkspace/SpringModule/target/classes/db/migration (db/migration)
2019-12-10 19:09:46,035 DEBUG org.flywaydb.core.internal.scanner.classpath.ClassPathScanner [main] Found resource: db/migration/V1__initial.sql
2019-12-10 19:09:46,035 DEBUG org.flywaydb.core.internal.scanner.classpath.ClassPathScanner [main] Found resource: db/migration/V1__initial.sql
2019-12-10 19:09:46,035 DEBUG org.flywaydb.core.internal.scanner.classpath.ClassPathScanner [main] Found resource: db/migration/V2__initial.sql
2019-12-10 19:09:46,035 DEBUG org.flywaydb.core.internal.scanner.classpath.ClassPathScanner [main] Found resource: db/migration/V2__initial.sql
2019-12-10 19:09:46,036 DEBUG org.flywaydb.core.internal.scanner.classpath.ClassPathScanner [main] Scanning for classes at classpath:db/migration
2019-12-10 19:09:46,036 DEBUG org.flywaydb.core.internal.scanner.classpath.ClassPathScanner [main] Scanning for classes at classpath:db/migration
2019-12-10 19:09:46,646 INFO org.flywaydb.core.internal.database.DatabaseFactory [main] Database: jdbc:mysql://localhost:3306/project (MySQL 8.0)
2019-12-10 19:09:46,646 INFO org.flywaydb.core.internal.database.DatabaseFactory [main] Database: jdbc:mysql://localhost:3306/project (MySQL 8.0)
2019-12-10 19:09:46,647 DEBUG org.flywaydb.core.internal.database.DatabaseFactory [main] Driver  : MySQL Connector/J mysql-connector-java-8.0.18 (Revision: fef2894d751d47223192b706977b4a5bc41e6be4)
2019-12-10 19:09:46,647 DEBUG org.flywaydb.core.internal.database.DatabaseFactory [main] Driver  : MySQL Connector/J mysql-connector-java-8.0.18 (Revision: fef2894d751d47223192b706977b4a5bc41e6be4)
2019-12-10 19:09:46,668 DEBUG org.flywaydb.core.Flyway [main] DDL Transactions Supported: false
2019-12-10 19:09:46,668 DEBUG org.flywaydb.core.Flyway [main] DDL Transactions Supported: false
2019-12-10 19:09:46,679 DEBUG org.flywaydb.core.Flyway [main] Schema: project
2019-12-10 19:09:46,679 DEBUG org.flywaydb.core.Flyway [main] Schema: project
2019-12-10 19:09:46,682 DEBUG org.flywaydb.core.internal.callback.SqlScriptCallbackFactory [main] Scanning for SQL callbacks ...
2019-12-10 19:09:46,682 DEBUG org.flywaydb.core.internal.callback.SqlScriptCallbackFactory [main] Scanning for SQL callbacks ...
2019-12-10 19:09:46,705 DEBUG org.flywaydb.core.internal.command.DbValidate [main] Validating migrations ...
2019-12-10 19:09:46,705 DEBUG org.flywaydb.core.internal.command.DbValidate [main] Validating migrations ...
2019-12-10 19:09:46,718 DEBUG org.flywaydb.core.internal.scanner.Scanner [main] Filtering out resource: db/migration/V1__initial.sql (filename: V1__initial.sql)
2019-12-10 19:09:46,718 DEBUG org.flywaydb.core.internal.scanner.Scanner [main] Filtering out resource: db/migration/V1__initial.sql (filename: V1__initial.sql)
2019-12-10 19:09:46,719 DEBUG org.flywaydb.core.internal.scanner.Scanner [main] Filtering out resource: db/migration/V2__initial.sql (filename: V2__initial.sql)
2019-12-10 19:09:46,719 DEBUG org.flywaydb.core.internal.scanner.Scanner [main] Filtering out resource: db/migration/V2__initial.sql (filename: V2__initial.sql)
2019-12-10 19:09:46,738 INFO org.flywaydb.core.internal.command.DbValidate [main] Successfully validated 2 migrations (execution time 00:00.030s)
2019-12-10 19:09:46,738 INFO org.flywaydb.core.internal.command.DbValidate [main] Successfully validated 2 migrations (execution time 00:00.030s)
2019-12-10 19:09:46,783 INFO org.flywaydb.core.internal.schemahistory.JdbcTableSchemaHistory [main] Creating Schema History table `project`.`flyway_schema_history` with baseline ...
2019-12-10 19:09:46,783 INFO org.flywaydb.core.internal.schemahistory.JdbcTableSchemaHistory [main] Creating Schema History table `project`.`flyway_schema_history` with baseline ...
2019-12-10 19:09:46,790 DEBUG org.flywaydb.core.internal.parser.Parser [main] Parsing  ...
2019-12-10 19:09:46,790 DEBUG org.flywaydb.core.internal.parser.Parser [main] Parsing  ...
2019-12-10 19:09:46,802 DEBUG org.flywaydb.core.internal.sqlscript.ParserSqlScript [main] Found statement at line 1: CREATE TABLE `project`.`flyway_schema_history` (
    `installed_rank` INT NOT NULL,
    `version` VARCHAR(50),
    `description` VARCHAR(200) NOT NULL,
    `type` VARCHAR(20) NOT NULL,
    `script` VARCHAR(1000) NOT NULL,
    `checksum` INT,
    `installed_by` VARCHAR(100) NOT NULL,
    `installed_on` TIMESTAMP NOT NULL DEFAULT CURRENT_TIMESTAMP,
    `execution_time` INT NOT NULL,
    `success` BOOL NOT NULL,
    CONSTRAINT `flyway_schema_history_pk` PRIMARY KEY (`installed_rank`)
) ENGINE=InnoDB AS SELECT     1 as "installed_rank",     '1' as "version",     '<< Flyway Baseline >>' as "description",     'BASELINE' as "type",     '<< Flyway Baseline >>' as "script",     NULL as "checksum",     'root' as "installed_by",     CURRENT_TIMESTAMP as "installed_on",     0 as "execution_time",     TRUE as "success"

2019-12-10 19:09:46,802 DEBUG org.flywaydb.core.internal.sqlscript.ParserSqlScript [main] Found statement at line 1: CREATE TABLE `project`.`flyway_schema_history` (
    `installed_rank` INT NOT NULL,
    `version` VARCHAR(50),
    `description` VARCHAR(200) NOT NULL,
    `type` VARCHAR(20) NOT NULL,
    `script` VARCHAR(1000) NOT NULL,
    `checksum` INT,
    `installed_by` VARCHAR(100) NOT NULL,
    `installed_on` TIMESTAMP NOT NULL DEFAULT CURRENT_TIMESTAMP,
    `execution_time` INT NOT NULL,
    `success` BOOL NOT NULL,
    CONSTRAINT `flyway_schema_history_pk` PRIMARY KEY (`installed_rank`)
) ENGINE=InnoDB AS SELECT     1 as "installed_rank",     '1' as "version",     '<< Flyway Baseline >>' as "description",     'BASELINE' as "type",     '<< Flyway Baseline >>' as "script",     NULL as "checksum",     'root' as "installed_by",     CURRENT_TIMESTAMP as "installed_on",     0 as "execution_time",     TRUE as "success"

2019-12-10 19:09:46,803 DEBUG org.flywaydb.core.internal.sqlscript.ParserSqlScript [main] Found statement at line 15: CREATE INDEX `flyway_schema_history_s_idx` ON `project`.`flyway_schema_history` (`success`)
2019-12-10 19:09:46,803 DEBUG org.flywaydb.core.internal.sqlscript.ParserSqlScript [main] Found statement at line 15: CREATE INDEX `flyway_schema_history_s_idx` ON `project`.`flyway_schema_history` (`success`)
2019-12-10 19:09:46,804 DEBUG org.flywaydb.core.internal.sqlscript.DefaultSqlScriptExecutor [main] Executing SQL: CREATE TABLE `project`.`flyway_schema_history` (
    `installed_rank` INT NOT NULL,
    `version` VARCHAR(50),
    `description` VARCHAR(200) NOT NULL,
    `type` VARCHAR(20) NOT NULL,
    `script` VARCHAR(1000) NOT NULL,
    `checksum` INT,
    `installed_by` VARCHAR(100) NOT NULL,
    `installed_on` TIMESTAMP NOT NULL DEFAULT CURRENT_TIMESTAMP,
    `execution_time` INT NOT NULL,
    `success` BOOL NOT NULL,
    CONSTRAINT `flyway_schema_history_pk` PRIMARY KEY (`installed_rank`)
) ENGINE=InnoDB AS SELECT     1 as "installed_rank",     '1' as "version",     '<< Flyway Baseline >>' as "description",     'BASELINE' as "type",     '<< Flyway Baseline >>' as "script",     NULL as "checksum",     'root' as "installed_by",     CURRENT_TIMESTAMP as "installed_on",     0 as "execution_time",     TRUE as "success"

2019-12-10 19:09:46,804 DEBUG org.flywaydb.core.internal.sqlscript.DefaultSqlScriptExecutor [main] Executing SQL: CREATE TABLE `project`.`flyway_schema_history` (
    `installed_rank` INT NOT NULL,
    `version` VARCHAR(50),
    `description` VARCHAR(200) NOT NULL,
    `type` VARCHAR(20) NOT NULL,
    `script` VARCHAR(1000) NOT NULL,
    `checksum` INT,
    `installed_by` VARCHAR(100) NOT NULL,
    `installed_on` TIMESTAMP NOT NULL DEFAULT CURRENT_TIMESTAMP,
    `execution_time` INT NOT NULL,
    `success` BOOL NOT NULL,
    CONSTRAINT `flyway_schema_history_pk` PRIMARY KEY (`installed_rank`)
) ENGINE=InnoDB AS SELECT     1 as "installed_rank",     '1' as "version",     '<< Flyway Baseline >>' as "description",     'BASELINE' as "type",     '<< Flyway Baseline >>' as "script",     NULL as "checksum",     'root' as "installed_by",     CURRENT_TIMESTAMP as "installed_on",     0 as "execution_time",     TRUE as "success"

2019-12-10 19:09:46,845 DEBUG org.flywaydb.core.internal.sqlscript.DefaultSqlScriptExecutor [main] Update Count: 1
2019-12-10 19:09:46,845 DEBUG org.flywaydb.core.internal.sqlscript.DefaultSqlScriptExecutor [main] Update Count: 1
2019-12-10 19:09:46,846 DEBUG org.flywaydb.core.internal.sqlscript.DefaultSqlScriptExecutor [main] Executing SQL: CREATE INDEX `flyway_schema_history_s_idx` ON `project`.`flyway_schema_history` (`success`)
2019-12-10 19:09:46,846 DEBUG org.flywaydb.core.internal.sqlscript.DefaultSqlScriptExecutor [main] Executing SQL: CREATE INDEX `flyway_schema_history_s_idx` ON `project`.`flyway_schema_history` (`success`)
2019-12-10 19:09:46,868 DEBUG org.flywaydb.core.internal.sqlscript.DefaultSqlScriptExecutor [main] Update Count: 0
2019-12-10 19:09:46,868 DEBUG org.flywaydb.core.internal.sqlscript.DefaultSqlScriptExecutor [main] Update Count: 0
2019-12-10 19:09:46,869 DEBUG org.flywaydb.core.internal.schemahistory.JdbcTableSchemaHistory [main] Created Schema History table `project`.`flyway_schema_history` with baseline
2019-12-10 19:09:46,869 DEBUG org.flywaydb.core.internal.schemahistory.JdbcTableSchemaHistory [main] Created Schema History table `project`.`flyway_schema_history` with baseline
2019-12-10 19:09:46,876 INFO org.flywaydb.core.internal.command.DbBaseline [main] Successfully baselined schema with version: 1
2019-12-10 19:09:46,876 INFO org.flywaydb.core.internal.command.DbBaseline [main] Successfully baselined schema with version: 1
2019-12-10 19:09:46,888 INFO org.flywaydb.core.internal.command.DbMigrate [main] Current version of schema `project`: 1
2019-12-10 19:09:46,888 INFO org.flywaydb.core.internal.command.DbMigrate [main] Current version of schema `project`: 1
2019-12-10 19:09:46,889 DEBUG org.flywaydb.core.internal.parser.Parser [main] Parsing V2__initial.sql ...
2019-12-10 19:09:46,889 DEBUG org.flywaydb.core.internal.parser.Parser [main] Parsing V2__initial.sql ...
2019-12-10 19:09:46,891 DEBUG org.flywaydb.core.internal.sqlscript.ParserSqlScript [main] Found statement at line 1: ALTER TABLE VERIFICATION ADD CONSTRAINT UNIQUE(USERID)
2019-12-10 19:09:46,891 DEBUG org.flywaydb.core.internal.sqlscript.ParserSqlScript [main] Found statement at line 1: ALTER TABLE VERIFICATION ADD CONSTRAINT UNIQUE(USERID)
2019-12-10 19:09:46,892 DEBUG org.flywaydb.core.internal.sqlscript.ParserSqlScript [main] Found statement at line 2: ALTER TABLE INVOICE ADD CONSTRAINT UNIQUE(ORDERID)
2019-12-10 19:09:46,892 DEBUG org.flywaydb.core.internal.sqlscript.ParserSqlScript [main] Found statement at line 2: ALTER TABLE INVOICE ADD CONSTRAINT UNIQUE(ORDERID)
2019-12-10 19:09:46,895 DEBUG org.flywaydb.core.internal.command.DbMigrate [main] Starting migration of schema `project` to version 2 - initial ...
2019-12-10 19:09:46,895 DEBUG org.flywaydb.core.internal.command.DbMigrate [main] Starting migration of schema `project` to version 2 - initial ...
2019-12-10 19:09:46,899 INFO org.flywaydb.core.internal.command.DbMigrate [main] Migrating schema `project` to version 2 - initial
2019-12-10 19:09:46,899 INFO org.flywaydb.core.internal.command.DbMigrate [main] Migrating schema `project` to version 2 - initial
2019-12-10 19:09:46,900 DEBUG org.flywaydb.core.internal.sqlscript.DefaultSqlScriptExecutor [main] Executing SQL: ALTER TABLE VERIFICATION ADD CONSTRAINT UNIQUE(USERID)
2019-12-10 19:09:46,900 DEBUG org.flywaydb.core.internal.sqlscript.DefaultSqlScriptExecutor [main] Executing SQL: ALTER TABLE VERIFICATION ADD CONSTRAINT UNIQUE(USERID)
2019-12-10 19:09:46,922 WARN org.flywaydb.core.internal.sqlscript.DefaultSqlScriptExecutor [main] DB: Table 'project.verification' doesn't exist (SQL State: 42S02 - Error Code: 1146)
2019-12-10 19:09:46,922 WARN org.flywaydb.core.internal.sqlscript.DefaultSqlScriptExecutor [main] DB: Table 'project.verification' doesn't exist (SQL State: 42S02 - Error Code: 1146)
2019-12-10 19:09:46,923 DEBUG org.flywaydb.core.internal.jdbc.TransactionTemplate [main] Rolling back transaction...
2019-12-10 19:09:46,923 DEBUG org.flywaydb.core.internal.jdbc.TransactionTemplate [main] Rolling back transaction...
2019-12-10 19:09:46,924 DEBUG org.flywaydb.core.internal.jdbc.TransactionTemplate [main] Transaction rolled back
2019-12-10 19:09:46,924 DEBUG org.flywaydb.core.internal.jdbc.TransactionTemplate [main] Transaction rolled back
2019-12-10 19:09:46,925 ERROR org.flywaydb.core.internal.command.DbMigrate [main] Migration of schema `project` to version 2 - initial failed! Please restore backups and roll back database and code!
2019-12-10 19:09:46,925 ERROR org.flywaydb.core.internal.command.DbMigrate [main] Migration of schema `project` to version 2 - initial failed! Please restore backups and roll back database and code!
2019-12-10 19:09:46,933 DEBUG org.flywaydb.core.internal.database.base.Table [main] Locking table `project`.`flyway_schema_history`...
2019-12-10 19:09:46,933 DEBUG org.flywaydb.core.internal.database.base.Table [main] Locking table `project`.`flyway_schema_history`...
2019-12-10 19:09:46,936 DEBUG org.flywaydb.core.internal.database.base.Table [main] Lock acquired for table `project`.`flyway_schema_history`
2019-12-10 19:09:46,936 DEBUG org.flywaydb.core.internal.database.base.Table [main] Lock acquired for table `project`.`flyway_schema_history`
2019-12-10 19:09:46,939 DEBUG org.flywaydb.core.internal.schemahistory.JdbcTableSchemaHistory [main] Schema History table `project`.`flyway_schema_history` successfully updated to reflect changes
2019-12-10 19:09:46,939 DEBUG org.flywaydb.core.internal.schemahistory.JdbcTableSchemaHistory [main] Schema History table `project`.`flyway_schema_history` successfully updated to reflect changes
2019-12-10 19:09:46,943 DEBUG org.flywaydb.core.Flyway [main] Memory usage: 68 of 276M
2019-12-10 19:09:46,943 DEBUG org.flywaydb.core.Flyway [main] Memory usage: 68 of 276M
2019-12-10 19:09:46,963 ERROR org.springframework.boot.SpringApplication [main] Application run failed
org.springframework.beans.factory.BeanCreationException: Error creating bean with name 'flywayInitializer' defined in class path resource [org/springframework/boot/autoconfigure/flyway/FlywayAutoConfiguration$FlywayConfiguration.class]: Invocation of init method failed; nested exception is org.flywaydb.core.internal.command.DbMigrate$FlywayMigrateException: 
Migration V2__initial.sql failed
--------------------------------
SQL State  : 42S02
Error Code : 1146
Message    : Table 'project.verification' doesn't exist
Location   : db/migration/V2__initial.sql (/Users/i339628/Project/ParentWorkspace/SpringModule/target/classes/db/migration/V2__initial.sql)
Line       : 1
Statement  : ALTER TABLE VERIFICATION ADD CONSTRAINT UNIQUE(USERID)

	at org.springframework.beans.factory.support.AbstractAutowireCapableBeanFactory.initializeBean(AbstractAutowireCapableBeanFactory.java:1803)
	at org.springframework.beans.factory.support.AbstractAutowireCapableBeanFactory.doCreateBean(AbstractAutowireCapableBeanFactory.java:595)
	at org.springframework.beans.factory.support.AbstractAutowireCapableBeanFactory.createBean(AbstractAutowireCapableBeanFactory.java:517)
	at org.springframework.beans.factory.support.AbstractBeanFactory.lambda$doGetBean$0(AbstractBeanFactory.java:323)
	at org.springframework.beans.factory.support.DefaultSingletonBeanRegistry.getSingleton(DefaultSingletonBeanRegistry.java:222)
	at org.springframework.beans.factory.support.AbstractBeanFactory.doGetBean(AbstractBeanFactory.java:321)
	at org.springframework.beans.factory.support.AbstractBeanFactory.getBean(AbstractBeanFactory.java:202)
	at org.springframework.beans.factory.support.AbstractBeanFactory.doGetBean(AbstractBeanFactory.java:310)
	at org.springframework.beans.factory.support.AbstractBeanFactory.getBean(AbstractBeanFactory.java:202)
	at org.springframework.context.support.AbstractApplicationContext.getBean(AbstractApplicationContext.java:1108)
	at org.springframework.context.support.AbstractApplicationContext.finishBeanFactoryInitialization(AbstractApplicationContext.java:868)
	at org.springframework.context.support.AbstractApplicationContext.refresh(AbstractApplicationContext.java:550)
	at org.springframework.boot.SpringApplication.refresh(SpringApplication.java:747)
	at org.springframework.boot.SpringApplication.refreshContext(SpringApplication.java:397)
	at org.springframework.boot.SpringApplication.run(SpringApplication.java:315)
	at org.springframework.boot.test.context.SpringBootContextLoader.loadContext(SpringBootContextLoader.java:125)
	at org.springframework.test.context.cache.DefaultCacheAwareContextLoaderDelegate.loadContextInternal(DefaultCacheAwareContextLoaderDelegate.java:99)
	at org.springframework.test.context.cache.DefaultCacheAwareContextLoaderDelegate.loadContext(DefaultCacheAwareContextLoaderDelegate.java:124)
	at org.springframework.test.context.support.DefaultTestContext.getApplicationContext(DefaultTestContext.java:123)
	at org.springframework.test.context.web.ServletTestExecutionListener.setUpRequestContextIfNecessary(ServletTestExecutionListener.java:190)
	at org.springframework.test.context.web.ServletTestExecutionListener.prepareTestInstance(ServletTestExecutionListener.java:132)
	at org.springframework.test.context.TestContextManager.prepareTestInstance(TestContextManager.java:244)
	at org.springframework.test.context.junit.jupiter.SpringExtension.postProcessTestInstance(SpringExtension.java:98)
	at org.junit.jupiter.engine.descriptor.ClassBasedTestDescriptor.lambda$invokeTestInstancePostProcessors$5(ClassBasedTestDescriptor.java:337)
	at org.junit.jupiter.engine.descriptor.ClassBasedTestDescriptor.executeAndMaskThrowable(ClassBasedTestDescriptor.java:342)
	at org.junit.jupiter.engine.descriptor.ClassBasedTestDescriptor.lambda$invokeTestInstancePostProcessors$6(ClassBasedTestDescriptor.java:337)
	at java.util.stream.ReferencePipeline$3$1.accept(ReferencePipeline.java:193)
	at java.util.stream.ReferencePipeline$2$1.accept(ReferencePipeline.java:175)
	at java.util.ArrayList$ArrayListSpliterator.forEachRemaining(ArrayList.java:1382)
	at java.util.stream.AbstractPipeline.copyInto(AbstractPipeline.java:481)
	at java.util.stream.AbstractPipeline.wrapAndCopyInto(AbstractPipeline.java:471)
	at java.util.stream.StreamSpliterators$WrappingSpliterator.forEachRemaining(StreamSpliterators.java:312)
	at java.util.stream.Streams$ConcatSpliterator.forEachRemaining(Streams.java:743)
	at java.util.stream.Streams$ConcatSpliterator.forEachRemaining(Streams.java:742)
	at java.util.stream.ReferencePipeline$Head.forEach(ReferencePipeline.java:580)
	at org.junit.jupiter.engine.descriptor.ClassBasedTestDescriptor.invokeTestInstancePostProcessors(ClassBasedTestDescriptor.java:336)
	at org.junit.jupiter.engine.descriptor.ClassBasedTestDescriptor.instantiateAndPostProcessTestInstance(ClassBasedTestDescriptor.java:259)
	at org.junit.jupiter.engine.descriptor.ClassBasedTestDescriptor.lambda$testInstancesProvider$2(ClassBasedTestDescriptor.java:252)
	at java.util.Optional.orElseGet(Optional.java:267)
	at org.junit.jupiter.engine.descriptor.ClassBasedTestDescriptor.lambda$testInstancesProvider$3(ClassBasedTestDescriptor.java:251)
	at org.junit.jupiter.engine.execution.TestInstancesProvider.getTestInstances(TestInstancesProvider.java:29)
	at org.junit.jupiter.engine.descriptor.TestMethodTestDescriptor.lambda$prepare$0(TestMethodTestDescriptor.java:106)
	at org.junit.platform.engine.support.hierarchical.ThrowableCollector.execute(ThrowableCollector.java:73)
	at org.junit.jupiter.engine.descriptor.TestMethodTestDescriptor.prepare(TestMethodTestDescriptor.java:105)
	at org.junit.jupiter.engine.descriptor.TestMethodTestDescriptor.prepare(TestMethodTestDescriptor.java:69)
	at org.junit.platform.engine.support.hierarchical.NodeTestTask.lambda$prepare$1(NodeTestTask.java:107)
	at org.junit.platform.engine.support.hierarchical.ThrowableCollector.execute(ThrowableCollector.java:73)
	at org.junit.platform.engine.support.hierarchical.NodeTestTask.prepare(NodeTestTask.java:107)
	at org.junit.platform.engine.support.hierarchical.NodeTestTask.execute(NodeTestTask.java:75)
	at java.util.ArrayList.forEach(ArrayList.java:1257)
	at org.junit.platform.engine.support.hierarchical.SameThreadHierarchicalTestExecutorService.invokeAll(SameThreadHierarchicalTestExecutorService.java:38)
	at org.junit.platform.engine.support.hierarchical.NodeTestTask.lambda$executeRecursively$5(NodeTestTask.java:139)
	at org.junit.platform.engine.support.hierarchical.ThrowableCollector.execute(ThrowableCollector.java:73)
	at org.junit.platform.engine.support.hierarchical.NodeTestTask.lambda$executeRecursively$7(NodeTestTask.java:125)
	at org.junit.platform.engine.support.hierarchical.Node.around(Node.java:135)
	at org.junit.platform.engine.support.hierarchical.NodeTestTask.lambda$executeRecursively$8(NodeTestTask.java:123)
	at org.junit.platform.engine.support.hierarchical.ThrowableCollector.execute(ThrowableCollector.java:73)
	at org.junit.platform.engine.support.hierarchical.NodeTestTask.executeRecursively(NodeTestTask.java:122)
	at org.junit.platform.engine.support.hierarchical.NodeTestTask.execute(NodeTestTask.java:80)
	at java.util.ArrayList.forEach(ArrayList.java:1257)
	at org.junit.platform.engine.support.hierarchical.SameThreadHierarchicalTestExecutorService.invokeAll(SameThreadHierarchicalTestExecutorService.java:38)
	at org.junit.platform.engine.support.hierarchical.NodeTestTask.lambda$executeRecursively$5(NodeTestTask.java:139)
	at org.junit.platform.engine.support.hierarchical.ThrowableCollector.execute(ThrowableCollector.java:73)
	at org.junit.platform.engine.support.hierarchical.NodeTestTask.lambda$executeRecursively$7(NodeTestTask.java:125)
	at org.junit.platform.engine.support.hierarchical.Node.around(Node.java:135)
	at org.junit.platform.engine.support.hierarchical.NodeTestTask.lambda$executeRecursively$8(NodeTestTask.java:123)
	at org.junit.platform.engine.support.hierarchical.ThrowableCollector.execute(ThrowableCollector.java:73)
	at org.junit.platform.engine.support.hierarchical.NodeTestTask.executeRecursively(NodeTestTask.java:122)
	at org.junit.platform.engine.support.hierarchical.NodeTestTask.execute(NodeTestTask.java:80)
	at org.junit.platform.engine.support.hierarchical.SameThreadHierarchicalTestExecutorService.submit(SameThreadHierarchicalTestExecutorService.java:32)
	at org.junit.platform.engine.support.hierarchical.HierarchicalTestExecutor.execute(HierarchicalTestExecutor.java:57)
	at org.junit.platform.engine.support.hierarchical.HierarchicalTestEngine.execute(HierarchicalTestEngine.java:51)
	at org.junit.platform.launcher.core.DefaultLauncher.execute(DefaultLauncher.java:220)
	at org.junit.platform.launcher.core.DefaultLauncher.lambda$execute$6(DefaultLauncher.java:188)
	at org.junit.platform.launcher.core.DefaultLauncher.withInterceptedStreams(DefaultLauncher.java:202)
	at org.junit.platform.launcher.core.DefaultLauncher.execute(DefaultLauncher.java:181)
	at org.junit.platform.launcher.core.DefaultLauncher.execute(DefaultLauncher.java:128)
	at org.apache.maven.surefire.junitplatform.JUnitPlatformProvider.invokeAllTests(JUnitPlatformProvider.java:150)
	at org.apache.maven.surefire.junitplatform.JUnitPlatformProvider.invoke(JUnitPlatformProvider.java:124)
	at org.apache.maven.surefire.booter.ForkedBooter.invokeProviderInSameClassLoader(ForkedBooter.java:384)
	at org.apache.maven.surefire.booter.ForkedBooter.runSuitesInProcess(ForkedBooter.java:345)
	at org.apache.maven.surefire.booter.ForkedBooter.execute(ForkedBooter.java:126)
	at org.apache.maven.surefire.booter.ForkedBooter.main(ForkedBooter.java:418)
Caused by: org.flywaydb.core.internal.command.DbMigrate$FlywayMigrateException: 
Migration V2__initial.sql failed
--------------------------------
SQL State  : 42S02
Error Code : 1146
Message    : Table 'project.verification' doesn't exist
Location   : db/migration/V2__initial.sql (/Users/i339628/Project/ParentWorkspace/SpringModule/target/classes/db/migration/V2__initial.sql)
Line       : 1
Statement  : ALTER TABLE VERIFICATION ADD CONSTRAINT UNIQUE(USERID)

	at org.flywaydb.core.internal.command.DbMigrate.doMigrateGroup(DbMigrate.java:369)
	at org.flywaydb.core.internal.command.DbMigrate.access$200(DbMigrate.java:54)
	at org.flywaydb.core.internal.command.DbMigrate$3.call(DbMigrate.java:282)
	at org.flywaydb.core.internal.jdbc.TransactionTemplate.execute(TransactionTemplate.java:74)
	at org.flywaydb.core.internal.command.DbMigrate.applyMigrations(DbMigrate.java:279)
	at org.flywaydb.core.internal.command.DbMigrate.migrateGroup(DbMigrate.java:244)
	at org.flywaydb.core.internal.command.DbMigrate.access$100(DbMigrate.java:54)
	at org.flywaydb.core.internal.command.DbMigrate$2.call(DbMigrate.java:162)
	at org.flywaydb.core.internal.command.DbMigrate$2.call(DbMigrate.java:159)
	at org.flywaydb.core.internal.database.mysql.MySQLNamedLockTemplate.execute(MySQLNamedLockTemplate.java:60)
	at org.flywaydb.core.internal.database.mysql.MySQLConnection.lock(MySQLConnection.java:161)
	at org.flywaydb.core.internal.schemahistory.JdbcTableSchemaHistory.lock(JdbcTableSchemaHistory.java:139)
	at org.flywaydb.core.internal.command.DbMigrate.migrateAll(DbMigrate.java:159)
	at org.flywaydb.core.internal.command.DbMigrate.migrate(DbMigrate.java:137)
	at org.flywaydb.core.Flyway$1.execute(Flyway.java:189)
	at org.flywaydb.core.Flyway$1.execute(Flyway.java:149)
	at org.flywaydb.core.Flyway.execute(Flyway.java:511)
	at org.flywaydb.core.Flyway.migrate(Flyway.java:149)
	at org.springframework.boot.autoconfigure.flyway.FlywayMigrationInitializer.afterPropertiesSet(FlywayMigrationInitializer.java:65)
	at org.springframework.beans.factory.support.AbstractAutowireCapableBeanFactory.invokeInitMethods(AbstractAutowireCapableBeanFactory.java:1862)
	at org.springframework.beans.factory.support.AbstractAutowireCapableBeanFactory.initializeBean(AbstractAutowireCapableBeanFactory.java:1799)
	... 82 common frames omitted
Caused by: org.flywaydb.core.internal.sqlscript.FlywaySqlScriptException: 
Migration V2__initial.sql failed
--------------------------------
SQL State  : 42S02
Error Code : 1146
Message    : Table 'project.verification' doesn't exist
Location   : db/migration/V2__initial.sql (/Users/i339628/Project/ParentWorkspace/SpringModule/target/classes/db/migration/V2__initial.sql)
Line       : 1
Statement  : ALTER TABLE VERIFICATION ADD CONSTRAINT UNIQUE(USERID)

	at org.flywaydb.core.internal.sqlscript.DefaultSqlScriptExecutor.handleException(DefaultSqlScriptExecutor.java:274)
	at org.flywaydb.core.internal.sqlscript.DefaultSqlScriptExecutor.executeStatement(DefaultSqlScriptExecutor.java:220)
	at org.flywaydb.core.internal.sqlscript.DefaultSqlScriptExecutor.execute(DefaultSqlScriptExecutor.java:127)
	at org.flywaydb.core.internal.resolver.sql.SqlMigrationExecutor.execute(SqlMigrationExecutor.java:70)
	at org.flywaydb.core.internal.command.DbMigrate.doMigrateGroup(DbMigrate.java:366)
	... 102 common frames omitted
Caused by: java.sql.SQLSyntaxErrorException: Table 'project.verification' doesn't exist
	at com.mysql.cj.jdbc.exceptions.SQLError.createSQLException(SQLError.java:120)
	at com.mysql.cj.jdbc.exceptions.SQLError.createSQLException(SQLError.java:97)
	at com.mysql.cj.jdbc.exceptions.SQLExceptionsMapping.translateException(SQLExceptionsMapping.java:122)
	at com.mysql.cj.jdbc.StatementImpl.executeInternal(StatementImpl.java:764)
	at com.mysql.cj.jdbc.StatementImpl.execute(StatementImpl.java:648)
	at com.zaxxer.hikari.pool.ProxyStatement.execute(ProxyStatement.java:95)
	at com.zaxxer.hikari.pool.HikariProxyStatement.execute(HikariProxyStatement.java)
	at org.flywaydb.core.internal.jdbc.JdbcTemplate.executeStatement(JdbcTemplate.java:244)
	at org.flywaydb.core.internal.sqlscript.ParsedSqlStatement.execute(ParsedSqlStatement.java:111)
	at org.flywaydb.core.internal.sqlscript.DefaultSqlScriptExecutor.executeStatement(DefaultSqlScriptExecutor.java:208)
	... 105 common frames omitted
2019-12-10 19:09:46,967 ERROR org.springframework.test.context.TestContextManager [main] Caught exception while allowing TestExecutionListener [org.springframework.test.context.web.ServletTestExecutionListener@59dc36d4] to prepare test instance [com.miniproject.project.ProjectApplicationTests@12fcc71f]
java.lang.IllegalStateException: Failed to load ApplicationContext
	at org.springframework.test.context.cache.DefaultCacheAwareContextLoaderDelegate.loadContext(DefaultCacheAwareContextLoaderDelegate.java:132)
	at org.springframework.test.context.support.DefaultTestContext.getApplicationContext(DefaultTestContext.java:123)
	at org.springframework.test.context.web.ServletTestExecutionListener.setUpRequestContextIfNecessary(ServletTestExecutionListener.java:190)
	at org.springframework.test.context.web.ServletTestExecutionListener.prepareTestInstance(ServletTestExecutionListener.java:132)
	at org.springframework.test.context.TestContextManager.prepareTestInstance(TestContextManager.java:244)
	at org.springframework.test.context.junit.jupiter.SpringExtension.postProcessTestInstance(SpringExtension.java:98)
	at org.junit.jupiter.engine.descriptor.ClassBasedTestDescriptor.lambda$invokeTestInstancePostProcessors$5(ClassBasedTestDescriptor.java:337)
	at org.junit.jupiter.engine.descriptor.ClassBasedTestDescriptor.executeAndMaskThrowable(ClassBasedTestDescriptor.java:342)
	at org.junit.jupiter.engine.descriptor.ClassBasedTestDescriptor.lambda$invokeTestInstancePostProcessors$6(ClassBasedTestDescriptor.java:337)
	at java.util.stream.ReferencePipeline$3$1.accept(ReferencePipeline.java:193)
	at java.util.stream.ReferencePipeline$2$1.accept(ReferencePipeline.java:175)
	at java.util.ArrayList$ArrayListSpliterator.forEachRemaining(ArrayList.java:1382)
	at java.util.stream.AbstractPipeline.copyInto(AbstractPipeline.java:481)
	at java.util.stream.AbstractPipeline.wrapAndCopyInto(AbstractPipeline.java:471)
	at java.util.stream.StreamSpliterators$WrappingSpliterator.forEachRemaining(StreamSpliterators.java:312)
	at java.util.stream.Streams$ConcatSpliterator.forEachRemaining(Streams.java:743)
	at java.util.stream.Streams$ConcatSpliterator.forEachRemaining(Streams.java:742)
	at java.util.stream.ReferencePipeline$Head.forEach(ReferencePipeline.java:580)
	at org.junit.jupiter.engine.descriptor.ClassBasedTestDescriptor.invokeTestInstancePostProcessors(ClassBasedTestDescriptor.java:336)
	at org.junit.jupiter.engine.descriptor.ClassBasedTestDescriptor.instantiateAndPostProcessTestInstance(ClassBasedTestDescriptor.java:259)
	at org.junit.jupiter.engine.descriptor.ClassBasedTestDescriptor.lambda$testInstancesProvider$2(ClassBasedTestDescriptor.java:252)
	at java.util.Optional.orElseGet(Optional.java:267)
	at org.junit.jupiter.engine.descriptor.ClassBasedTestDescriptor.lambda$testInstancesProvider$3(ClassBasedTestDescriptor.java:251)
	at org.junit.jupiter.engine.execution.TestInstancesProvider.getTestInstances(TestInstancesProvider.java:29)
	at org.junit.jupiter.engine.descriptor.TestMethodTestDescriptor.lambda$prepare$0(TestMethodTestDescriptor.java:106)
	at org.junit.platform.engine.support.hierarchical.ThrowableCollector.execute(ThrowableCollector.java:73)
	at org.junit.jupiter.engine.descriptor.TestMethodTestDescriptor.prepare(TestMethodTestDescriptor.java:105)
	at org.junit.jupiter.engine.descriptor.TestMethodTestDescriptor.prepare(TestMethodTestDescriptor.java:69)
	at org.junit.platform.engine.support.hierarchical.NodeTestTask.lambda$prepare$1(NodeTestTask.java:107)
	at org.junit.platform.engine.support.hierarchical.ThrowableCollector.execute(ThrowableCollector.java:73)
	at org.junit.platform.engine.support.hierarchical.NodeTestTask.prepare(NodeTestTask.java:107)
	at org.junit.platform.engine.support.hierarchical.NodeTestTask.execute(NodeTestTask.java:75)
	at java.util.ArrayList.forEach(ArrayList.java:1257)
	at org.junit.platform.engine.support.hierarchical.SameThreadHierarchicalTestExecutorService.invokeAll(SameThreadHierarchicalTestExecutorService.java:38)
	at org.junit.platform.engine.support.hierarchical.NodeTestTask.lambda$executeRecursively$5(NodeTestTask.java:139)
	at org.junit.platform.engine.support.hierarchical.ThrowableCollector.execute(ThrowableCollector.java:73)
	at org.junit.platform.engine.support.hierarchical.NodeTestTask.lambda$executeRecursively$7(NodeTestTask.java:125)
	at org.junit.platform.engine.support.hierarchical.Node.around(Node.java:135)
	at org.junit.platform.engine.support.hierarchical.NodeTestTask.lambda$executeRecursively$8(NodeTestTask.java:123)
	at org.junit.platform.engine.support.hierarchical.ThrowableCollector.execute(ThrowableCollector.java:73)
	at org.junit.platform.engine.support.hierarchical.NodeTestTask.executeRecursively(NodeTestTask.java:122)
	at org.junit.platform.engine.support.hierarchical.NodeTestTask.execute(NodeTestTask.java:80)
	at java.util.ArrayList.forEach(ArrayList.java:1257)
	at org.junit.platform.engine.support.hierarchical.SameThreadHierarchicalTestExecutorService.invokeAll(SameThreadHierarchicalTestExecutorService.java:38)
	at org.junit.platform.engine.support.hierarchical.NodeTestTask.lambda$executeRecursively$5(NodeTestTask.java:139)
	at org.junit.platform.engine.support.hierarchical.ThrowableCollector.execute(ThrowableCollector.java:73)
	at org.junit.platform.engine.support.hierarchical.NodeTestTask.lambda$executeRecursively$7(NodeTestTask.java:125)
	at org.junit.platform.engine.support.hierarchical.Node.around(Node.java:135)
	at org.junit.platform.engine.support.hierarchical.NodeTestTask.lambda$executeRecursively$8(NodeTestTask.java:123)
	at org.junit.platform.engine.support.hierarchical.ThrowableCollector.execute(ThrowableCollector.java:73)
	at org.junit.platform.engine.support.hierarchical.NodeTestTask.executeRecursively(NodeTestTask.java:122)
	at org.junit.platform.engine.support.hierarchical.NodeTestTask.execute(NodeTestTask.java:80)
	at org.junit.platform.engine.support.hierarchical.SameThreadHierarchicalTestExecutorService.submit(SameThreadHierarchicalTestExecutorService.java:32)
	at org.junit.platform.engine.support.hierarchical.HierarchicalTestExecutor.execute(HierarchicalTestExecutor.java:57)
	at org.junit.platform.engine.support.hierarchical.HierarchicalTestEngine.execute(HierarchicalTestEngine.java:51)
	at org.junit.platform.launcher.core.DefaultLauncher.execute(DefaultLauncher.java:220)
	at org.junit.platform.launcher.core.DefaultLauncher.lambda$execute$6(DefaultLauncher.java:188)
	at org.junit.platform.launcher.core.DefaultLauncher.withInterceptedStreams(DefaultLauncher.java:202)
	at org.junit.platform.launcher.core.DefaultLauncher.execute(DefaultLauncher.java:181)
	at org.junit.platform.launcher.core.DefaultLauncher.execute(DefaultLauncher.java:128)
	at org.apache.maven.surefire.junitplatform.JUnitPlatformProvider.invokeAllTests(JUnitPlatformProvider.java:150)
	at org.apache.maven.surefire.junitplatform.JUnitPlatformProvider.invoke(JUnitPlatformProvider.java:124)
	at org.apache.maven.surefire.booter.ForkedBooter.invokeProviderInSameClassLoader(ForkedBooter.java:384)
	at org.apache.maven.surefire.booter.ForkedBooter.runSuitesInProcess(ForkedBooter.java:345)
	at org.apache.maven.surefire.booter.ForkedBooter.execute(ForkedBooter.java:126)
	at org.apache.maven.surefire.booter.ForkedBooter.main(ForkedBooter.java:418)
Caused by: org.springframework.beans.factory.BeanCreationException: Error creating bean with name 'flywayInitializer' defined in class path resource [org/springframework/boot/autoconfigure/flyway/FlywayAutoConfiguration$FlywayConfiguration.class]: Invocation of init method failed; nested exception is org.flywaydb.core.internal.command.DbMigrate$FlywayMigrateException: 
Migration V2__initial.sql failed
--------------------------------
SQL State  : 42S02
Error Code : 1146
Message    : Table 'project.verification' doesn't exist
Location   : db/migration/V2__initial.sql (/Users/i339628/Project/ParentWorkspace/SpringModule/target/classes/db/migration/V2__initial.sql)
Line       : 1
Statement  : ALTER TABLE VERIFICATION ADD CONSTRAINT UNIQUE(USERID)

	at org.springframework.beans.factory.support.AbstractAutowireCapableBeanFactory.initializeBean(AbstractAutowireCapableBeanFactory.java:1803)
	at org.springframework.beans.factory.support.AbstractAutowireCapableBeanFactory.doCreateBean(AbstractAutowireCapableBeanFactory.java:595)
	at org.springframework.beans.factory.support.AbstractAutowireCapableBeanFactory.createBean(AbstractAutowireCapableBeanFactory.java:517)
	at org.springframework.beans.factory.support.AbstractBeanFactory.lambda$doGetBean$0(AbstractBeanFactory.java:323)
	at org.springframework.beans.factory.support.DefaultSingletonBeanRegistry.getSingleton(DefaultSingletonBeanRegistry.java:222)
	at org.springframework.beans.factory.support.AbstractBeanFactory.doGetBean(AbstractBeanFactory.java:321)
	at org.springframework.beans.factory.support.AbstractBeanFactory.getBean(AbstractBeanFactory.java:202)
	at org.springframework.beans.factory.support.AbstractBeanFactory.doGetBean(AbstractBeanFactory.java:310)
	at org.springframework.beans.factory.support.AbstractBeanFactory.getBean(AbstractBeanFactory.java:202)
	at org.springframework.context.support.AbstractApplicationContext.getBean(AbstractApplicationContext.java:1108)
	at org.springframework.context.support.AbstractApplicationContext.finishBeanFactoryInitialization(AbstractApplicationContext.java:868)
	at org.springframework.context.support.AbstractApplicationContext.refresh(AbstractApplicationContext.java:550)
	at org.springframework.boot.SpringApplication.refresh(SpringApplication.java:747)
	at org.springframework.boot.SpringApplication.refreshContext(SpringApplication.java:397)
	at org.springframework.boot.SpringApplication.run(SpringApplication.java:315)
	at org.springframework.boot.test.context.SpringBootContextLoader.loadContext(SpringBootContextLoader.java:125)
	at org.springframework.test.context.cache.DefaultCacheAwareContextLoaderDelegate.loadContextInternal(DefaultCacheAwareContextLoaderDelegate.java:99)
	at org.springframework.test.context.cache.DefaultCacheAwareContextLoaderDelegate.loadContext(DefaultCacheAwareContextLoaderDelegate.java:124)
	... 65 common frames omitted
Caused by: org.flywaydb.core.internal.command.DbMigrate$FlywayMigrateException: 
Migration V2__initial.sql failed
--------------------------------
SQL State  : 42S02
Error Code : 1146
Message    : Table 'project.verification' doesn't exist
Location   : db/migration/V2__initial.sql (/Users/i339628/Project/ParentWorkspace/SpringModule/target/classes/db/migration/V2__initial.sql)
Line       : 1
Statement  : ALTER TABLE VERIFICATION ADD CONSTRAINT UNIQUE(USERID)

	at org.flywaydb.core.internal.command.DbMigrate.doMigrateGroup(DbMigrate.java:369)
	at org.flywaydb.core.internal.command.DbMigrate.access$200(DbMigrate.java:54)
	at org.flywaydb.core.internal.command.DbMigrate$3.call(DbMigrate.java:282)
	at org.flywaydb.core.internal.jdbc.TransactionTemplate.execute(TransactionTemplate.java:74)
	at org.flywaydb.core.internal.command.DbMigrate.applyMigrations(DbMigrate.java:279)
	at org.flywaydb.core.internal.command.DbMigrate.migrateGroup(DbMigrate.java:244)
	at org.flywaydb.core.internal.command.DbMigrate.access$100(DbMigrate.java:54)
	at org.flywaydb.core.internal.command.DbMigrate$2.call(DbMigrate.java:162)
	at org.flywaydb.core.internal.command.DbMigrate$2.call(DbMigrate.java:159)
	at org.flywaydb.core.internal.database.mysql.MySQLNamedLockTemplate.execute(MySQLNamedLockTemplate.java:60)
	at org.flywaydb.core.internal.database.mysql.MySQLConnection.lock(MySQLConnection.java:161)
	at org.flywaydb.core.internal.schemahistory.JdbcTableSchemaHistory.lock(JdbcTableSchemaHistory.java:139)
	at org.flywaydb.core.internal.command.DbMigrate.migrateAll(DbMigrate.java:159)
	at org.flywaydb.core.internal.command.DbMigrate.migrate(DbMigrate.java:137)
	at org.flywaydb.core.Flyway$1.execute(Flyway.java:189)
	at org.flywaydb.core.Flyway$1.execute(Flyway.java:149)
	at org.flywaydb.core.Flyway.execute(Flyway.java:511)
	at org.flywaydb.core.Flyway.migrate(Flyway.java:149)
	at org.springframework.boot.autoconfigure.flyway.FlywayMigrationInitializer.afterPropertiesSet(FlywayMigrationInitializer.java:65)
	at org.springframework.beans.factory.support.AbstractAutowireCapableBeanFactory.invokeInitMethods(AbstractAutowireCapableBeanFactory.java:1862)
	at org.springframework.beans.factory.support.AbstractAutowireCapableBeanFactory.initializeBean(AbstractAutowireCapableBeanFactory.java:1799)
	... 82 common frames omitted
Caused by: org.flywaydb.core.internal.sqlscript.FlywaySqlScriptException: 
Migration V2__initial.sql failed
--------------------------------
SQL State  : 42S02
Error Code : 1146
Message    : Table 'project.verification' doesn't exist
Location   : db/migration/V2__initial.sql (/Users/i339628/Project/ParentWorkspace/SpringModule/target/classes/db/migration/V2__initial.sql)
Line       : 1
Statement  : ALTER TABLE VERIFICATION ADD CONSTRAINT UNIQUE(USERID)

	at org.flywaydb.core.internal.sqlscript.DefaultSqlScriptExecutor.handleException(DefaultSqlScriptExecutor.java:274)
	at org.flywaydb.core.internal.sqlscript.DefaultSqlScriptExecutor.executeStatement(DefaultSqlScriptExecutor.java:220)
	at org.flywaydb.core.internal.sqlscript.DefaultSqlScriptExecutor.execute(DefaultSqlScriptExecutor.java:127)
	at org.flywaydb.core.internal.resolver.sql.SqlMigrationExecutor.execute(SqlMigrationExecutor.java:70)
	at org.flywaydb.core.internal.command.DbMigrate.doMigrateGroup(DbMigrate.java:366)
	... 102 common frames omitted
Caused by: java.sql.SQLSyntaxErrorException: Table 'project.verification' doesn't exist
	at com.mysql.cj.jdbc.exceptions.SQLError.createSQLException(SQLError.java:120)
	at com.mysql.cj.jdbc.exceptions.SQLError.createSQLException(SQLError.java:97)
	at com.mysql.cj.jdbc.exceptions.SQLExceptionsMapping.translateException(SQLExceptionsMapping.java:122)
	at com.mysql.cj.jdbc.StatementImpl.executeInternal(StatementImpl.java:764)
	at com.mysql.cj.jdbc.StatementImpl.execute(StatementImpl.java:648)
	at com.zaxxer.hikari.pool.ProxyStatement.execute(ProxyStatement.java:95)
	at com.zaxxer.hikari.pool.HikariProxyStatement.execute(HikariProxyStatement.java)
	at org.flywaydb.core.internal.jdbc.JdbcTemplate.executeStatement(JdbcTemplate.java:244)
	at org.flywaydb.core.internal.sqlscript.ParsedSqlStatement.execute(ParsedSqlStatement.java:111)
	at org.flywaydb.core.internal.sqlscript.DefaultSqlScriptExecutor.executeStatement(DefaultSqlScriptExecutor.java:208)
	... 105 common frames omitted
2019-12-10 19:12:40,589 INFO com.miniproject.project.ProjectApplicationTests [main] Starting ProjectApplicationTests on C02Y107JJGH5 with PID 66022 (started by i339628 in /Users/i339628/Project/ParentWorkspace/SpringModule)
2019-12-10 19:12:40,593 DEBUG com.miniproject.project.ProjectApplicationTests [main] Running with Spring Boot v2.2.1.RELEASE, Spring v5.2.1.RELEASE
2019-12-10 19:12:40,594 INFO com.miniproject.project.ProjectApplicationTests [main] No active profile set, falling back to default profiles: default
2019-12-10 19:12:42,210 INFO org.flywaydb.core.internal.license.VersionPrinter [main] Flyway Community Edition 6.0.8 by Redgate
2019-12-10 19:12:42,210 INFO org.flywaydb.core.internal.license.VersionPrinter [main] Flyway Community Edition 6.0.8 by Redgate
2019-12-10 19:12:42,216 DEBUG org.flywaydb.core.internal.scanner.classpath.ClassPathScanner [main] Scanning for classpath resources at 'classpath:db/migration' ...
2019-12-10 19:12:42,216 DEBUG org.flywaydb.core.internal.scanner.classpath.ClassPathScanner [main] Scanning for classpath resources at 'classpath:db/migration' ...
2019-12-10 19:12:42,217 DEBUG org.flywaydb.core.internal.scanner.classpath.ClassPathScanner [main] Determining location urls for classpath:db/migration using ClassLoader sun.misc.Launcher$AppClassLoader@4aa298b7 ...
2019-12-10 19:12:42,217 DEBUG org.flywaydb.core.internal.scanner.classpath.ClassPathScanner [main] Determining location urls for classpath:db/migration using ClassLoader sun.misc.Launcher$AppClassLoader@4aa298b7 ...
2019-12-10 19:12:42,218 DEBUG org.flywaydb.core.internal.scanner.classpath.ClassPathScanner [main] Scanning URL: file:/Users/i339628/Project/ParentWorkspace/SpringModule/target/classes/db/migration
2019-12-10 19:12:42,218 DEBUG org.flywaydb.core.internal.scanner.classpath.ClassPathScanner [main] Scanning URL: file:/Users/i339628/Project/ParentWorkspace/SpringModule/target/classes/db/migration
2019-12-10 19:12:42,219 DEBUG org.flywaydb.core.internal.util.FeatureDetector [main] JBoss VFS v2 available: false
2019-12-10 19:12:42,219 DEBUG org.flywaydb.core.internal.util.FeatureDetector [main] JBoss VFS v2 available: false
2019-12-10 19:12:42,222 DEBUG org.flywaydb.core.internal.scanner.classpath.FileSystemClassPathLocationScanner [main] Scanning starting at classpath root in filesystem: /Users/i339628/Project/ParentWorkspace/SpringModule/target/classes/
2019-12-10 19:12:42,222 DEBUG org.flywaydb.core.internal.scanner.classpath.FileSystemClassPathLocationScanner [main] Scanning starting at classpath root in filesystem: /Users/i339628/Project/ParentWorkspace/SpringModule/target/classes/
2019-12-10 19:12:42,222 DEBUG org.flywaydb.core.internal.scanner.classpath.FileSystemClassPathLocationScanner [main] Scanning for resources in path: /Users/i339628/Project/ParentWorkspace/SpringModule/target/classes/db/migration (db/migration)
2019-12-10 19:12:42,222 DEBUG org.flywaydb.core.internal.scanner.classpath.FileSystemClassPathLocationScanner [main] Scanning for resources in path: /Users/i339628/Project/ParentWorkspace/SpringModule/target/classes/db/migration (db/migration)
2019-12-10 19:12:42,225 DEBUG org.flywaydb.core.internal.scanner.classpath.ClassPathScanner [main] Found resource: db/migration/V1__initial.sql
2019-12-10 19:12:42,225 DEBUG org.flywaydb.core.internal.scanner.classpath.ClassPathScanner [main] Found resource: db/migration/V1__initial.sql
2019-12-10 19:12:42,226 DEBUG org.flywaydb.core.internal.scanner.classpath.ClassPathScanner [main] Found resource: db/migration/V2__initial.sql
2019-12-10 19:12:42,226 DEBUG org.flywaydb.core.internal.scanner.classpath.ClassPathScanner [main] Found resource: db/migration/V2__initial.sql
2019-12-10 19:12:42,227 DEBUG org.flywaydb.core.internal.scanner.classpath.ClassPathScanner [main] Scanning for classes at classpath:db/migration
2019-12-10 19:12:42,227 DEBUG org.flywaydb.core.internal.scanner.classpath.ClassPathScanner [main] Scanning for classes at classpath:db/migration
2019-12-10 19:12:42,946 INFO org.flywaydb.core.internal.database.DatabaseFactory [main] Database: jdbc:mysql://localhost:3306/db (MySQL 8.0)
2019-12-10 19:12:42,946 INFO org.flywaydb.core.internal.database.DatabaseFactory [main] Database: jdbc:mysql://localhost:3306/db (MySQL 8.0)
2019-12-10 19:12:42,947 DEBUG org.flywaydb.core.internal.database.DatabaseFactory [main] Driver  : MySQL Connector/J mysql-connector-java-8.0.18 (Revision: fef2894d751d47223192b706977b4a5bc41e6be4)
2019-12-10 19:12:42,947 DEBUG org.flywaydb.core.internal.database.DatabaseFactory [main] Driver  : MySQL Connector/J mysql-connector-java-8.0.18 (Revision: fef2894d751d47223192b706977b4a5bc41e6be4)
2019-12-10 19:12:42,954 DEBUG org.flywaydb.core.Flyway [main] DDL Transactions Supported: false
2019-12-10 19:12:42,954 DEBUG org.flywaydb.core.Flyway [main] DDL Transactions Supported: false
2019-12-10 19:12:42,962 DEBUG org.flywaydb.core.Flyway [main] Schema: db
2019-12-10 19:12:42,962 DEBUG org.flywaydb.core.Flyway [main] Schema: db
2019-12-10 19:12:42,966 DEBUG org.flywaydb.core.internal.callback.SqlScriptCallbackFactory [main] Scanning for SQL callbacks ...
2019-12-10 19:12:42,966 DEBUG org.flywaydb.core.internal.callback.SqlScriptCallbackFactory [main] Scanning for SQL callbacks ...
2019-12-10 19:12:42,975 DEBUG org.flywaydb.core.internal.command.DbValidate [main] Validating migrations ...
2019-12-10 19:12:42,975 DEBUG org.flywaydb.core.internal.command.DbValidate [main] Validating migrations ...
2019-12-10 19:12:42,988 DEBUG org.flywaydb.core.internal.scanner.Scanner [main] Filtering out resource: db/migration/V1__initial.sql (filename: V1__initial.sql)
2019-12-10 19:12:42,988 DEBUG org.flywaydb.core.internal.scanner.Scanner [main] Filtering out resource: db/migration/V1__initial.sql (filename: V1__initial.sql)
2019-12-10 19:12:42,989 DEBUG org.flywaydb.core.internal.scanner.Scanner [main] Filtering out resource: db/migration/V2__initial.sql (filename: V2__initial.sql)
2019-12-10 19:12:42,989 DEBUG org.flywaydb.core.internal.scanner.Scanner [main] Filtering out resource: db/migration/V2__initial.sql (filename: V2__initial.sql)
2019-12-10 19:12:43,001 INFO org.flywaydb.core.internal.command.DbValidate [main] Successfully validated 2 migrations (execution time 00:00.025s)
2019-12-10 19:12:43,001 INFO org.flywaydb.core.internal.command.DbValidate [main] Successfully validated 2 migrations (execution time 00:00.025s)
2019-12-10 19:12:43,022 DEBUG org.flywaydb.core.internal.command.DbSchemas [main] Schema `db` already exists. Skipping schema creation.
2019-12-10 19:12:43,022 DEBUG org.flywaydb.core.internal.command.DbSchemas [main] Schema `db` already exists. Skipping schema creation.
2019-12-10 19:12:43,030 INFO org.flywaydb.core.internal.schemahistory.JdbcTableSchemaHistory [main] Creating Schema History table `db`.`flyway_schema_history` ...
2019-12-10 19:12:43,030 INFO org.flywaydb.core.internal.schemahistory.JdbcTableSchemaHistory [main] Creating Schema History table `db`.`flyway_schema_history` ...
2019-12-10 19:12:43,035 DEBUG org.flywaydb.core.internal.parser.Parser [main] Parsing  ...
2019-12-10 19:12:43,035 DEBUG org.flywaydb.core.internal.parser.Parser [main] Parsing  ...
2019-12-10 19:12:43,046 DEBUG org.flywaydb.core.internal.sqlscript.ParserSqlScript [main] Found statement at line 1: CREATE TABLE `db`.`flyway_schema_history` (
    `installed_rank` INT NOT NULL,
    `version` VARCHAR(50),
    `description` VARCHAR(200) NOT NULL,
    `type` VARCHAR(20) NOT NULL,
    `script` VARCHAR(1000) NOT NULL,
    `checksum` INT,
    `installed_by` VARCHAR(100) NOT NULL,
    `installed_on` TIMESTAMP NOT NULL DEFAULT CURRENT_TIMESTAMP,
    `execution_time` INT NOT NULL,
    `success` BOOL NOT NULL,
    CONSTRAINT `flyway_schema_history_pk` PRIMARY KEY (`installed_rank`)
) ENGINE=InnoDB
2019-12-10 19:12:43,046 DEBUG org.flywaydb.core.internal.sqlscript.ParserSqlScript [main] Found statement at line 1: CREATE TABLE `db`.`flyway_schema_history` (
    `installed_rank` INT NOT NULL,
    `version` VARCHAR(50),
    `description` VARCHAR(200) NOT NULL,
    `type` VARCHAR(20) NOT NULL,
    `script` VARCHAR(1000) NOT NULL,
    `checksum` INT,
    `installed_by` VARCHAR(100) NOT NULL,
    `installed_on` TIMESTAMP NOT NULL DEFAULT CURRENT_TIMESTAMP,
    `execution_time` INT NOT NULL,
    `success` BOOL NOT NULL,
    CONSTRAINT `flyway_schema_history_pk` PRIMARY KEY (`installed_rank`)
) ENGINE=InnoDB
2019-12-10 19:12:43,047 DEBUG org.flywaydb.core.internal.sqlscript.ParserSqlScript [main] Found statement at line 14: CREATE INDEX `flyway_schema_history_s_idx` ON `db`.`flyway_schema_history` (`success`)
2019-12-10 19:12:43,047 DEBUG org.flywaydb.core.internal.sqlscript.ParserSqlScript [main] Found statement at line 14: CREATE INDEX `flyway_schema_history_s_idx` ON `db`.`flyway_schema_history` (`success`)
2019-12-10 19:12:43,049 DEBUG org.flywaydb.core.internal.sqlscript.DefaultSqlScriptExecutor [main] Executing SQL: CREATE TABLE `db`.`flyway_schema_history` (
    `installed_rank` INT NOT NULL,
    `version` VARCHAR(50),
    `description` VARCHAR(200) NOT NULL,
    `type` VARCHAR(20) NOT NULL,
    `script` VARCHAR(1000) NOT NULL,
    `checksum` INT,
    `installed_by` VARCHAR(100) NOT NULL,
    `installed_on` TIMESTAMP NOT NULL DEFAULT CURRENT_TIMESTAMP,
    `execution_time` INT NOT NULL,
    `success` BOOL NOT NULL,
    CONSTRAINT `flyway_schema_history_pk` PRIMARY KEY (`installed_rank`)
) ENGINE=InnoDB
2019-12-10 19:12:43,049 DEBUG org.flywaydb.core.internal.sqlscript.DefaultSqlScriptExecutor [main] Executing SQL: CREATE TABLE `db`.`flyway_schema_history` (
    `installed_rank` INT NOT NULL,
    `version` VARCHAR(50),
    `description` VARCHAR(200) NOT NULL,
    `type` VARCHAR(20) NOT NULL,
    `script` VARCHAR(1000) NOT NULL,
    `checksum` INT,
    `installed_by` VARCHAR(100) NOT NULL,
    `installed_on` TIMESTAMP NOT NULL DEFAULT CURRENT_TIMESTAMP,
    `execution_time` INT NOT NULL,
    `success` BOOL NOT NULL,
    CONSTRAINT `flyway_schema_history_pk` PRIMARY KEY (`installed_rank`)
) ENGINE=InnoDB
2019-12-10 19:12:43,064 DEBUG org.flywaydb.core.internal.sqlscript.DefaultSqlScriptExecutor [main] Update Count: 0
2019-12-10 19:12:43,064 DEBUG org.flywaydb.core.internal.sqlscript.DefaultSqlScriptExecutor [main] Update Count: 0
2019-12-10 19:12:43,066 DEBUG org.flywaydb.core.internal.sqlscript.DefaultSqlScriptExecutor [main] Executing SQL: CREATE INDEX `flyway_schema_history_s_idx` ON `db`.`flyway_schema_history` (`success`)
2019-12-10 19:12:43,066 DEBUG org.flywaydb.core.internal.sqlscript.DefaultSqlScriptExecutor [main] Executing SQL: CREATE INDEX `flyway_schema_history_s_idx` ON `db`.`flyway_schema_history` (`success`)
2019-12-10 19:12:43,078 DEBUG org.flywaydb.core.internal.sqlscript.DefaultSqlScriptExecutor [main] Update Count: 0
2019-12-10 19:12:43,078 DEBUG org.flywaydb.core.internal.sqlscript.DefaultSqlScriptExecutor [main] Update Count: 0
2019-12-10 19:12:43,079 DEBUG org.flywaydb.core.internal.schemahistory.JdbcTableSchemaHistory [main] Created Schema History table `db`.`flyway_schema_history`
2019-12-10 19:12:43,079 DEBUG org.flywaydb.core.internal.schemahistory.JdbcTableSchemaHistory [main] Created Schema History table `db`.`flyway_schema_history`
2019-12-10 19:12:43,101 INFO org.flywaydb.core.internal.command.DbMigrate [main] Current version of schema `db`: << Empty Schema >>
2019-12-10 19:12:43,101 INFO org.flywaydb.core.internal.command.DbMigrate [main] Current version of schema `db`: << Empty Schema >>
2019-12-10 19:12:43,102 DEBUG org.flywaydb.core.internal.parser.Parser [main] Parsing V1__initial.sql ...
2019-12-10 19:12:43,102 DEBUG org.flywaydb.core.internal.parser.Parser [main] Parsing V1__initial.sql ...
2019-12-10 19:12:43,105 DEBUG org.flywaydb.core.internal.sqlscript.ParserSqlScript [main] Found statement at line 1: CREATE TABLE IF NOT EXISTS USER(USERID int NOT NULL AUTO_INCREMENT PRIMARY KEY, EMAILID varchar(50) NOT NULL UNIQUE, PASSWORD varchar(20) DEFAULT NULL, MOBILE varchar(15) DEFAULT NULL, FNAME varchar(15) NOT NULL, LNAME varchar(15) DEFAULT NULL, ROLE varchar(5), ACTIVE BOOL)
2019-12-10 19:12:43,105 DEBUG org.flywaydb.core.internal.sqlscript.ParserSqlScript [main] Found statement at line 1: CREATE TABLE IF NOT EXISTS USER(USERID int NOT NULL AUTO_INCREMENT PRIMARY KEY, EMAILID varchar(50) NOT NULL UNIQUE, PASSWORD varchar(20) DEFAULT NULL, MOBILE varchar(15) DEFAULT NULL, FNAME varchar(15) NOT NULL, LNAME varchar(15) DEFAULT NULL, ROLE varchar(5), ACTIVE BOOL)
2019-12-10 19:12:43,106 DEBUG org.flywaydb.core.internal.sqlscript.ParserSqlScript [main] Found statement at line 2: CREATE TABLE IF NOT EXISTS ADDRESS(USERID int, STREET varchar(30), CITY varchar(30), PIN varchar(10), CONSTRAINT FOREIGN KEY(USERID) REFERENCES USER(USERID))
2019-12-10 19:12:43,106 DEBUG org.flywaydb.core.internal.sqlscript.ParserSqlScript [main] Found statement at line 2: CREATE TABLE IF NOT EXISTS ADDRESS(USERID int, STREET varchar(30), CITY varchar(30), PIN varchar(10), CONSTRAINT FOREIGN KEY(USERID) REFERENCES USER(USERID))
2019-12-10 19:12:43,108 DEBUG org.flywaydb.core.internal.sqlscript.ParserSqlScript [main] Found statement at line 3: CREATE TABLE IF NOT EXISTS MAINCATEGORY(CID int NOT NULL AUTO_INCREMENT PRIMARY KEY, CATEGORY varchar(25) NOT NULL)
2019-12-10 19:12:43,108 DEBUG org.flywaydb.core.internal.sqlscript.ParserSqlScript [main] Found statement at line 3: CREATE TABLE IF NOT EXISTS MAINCATEGORY(CID int NOT NULL AUTO_INCREMENT PRIMARY KEY, CATEGORY varchar(25) NOT NULL)
2019-12-10 19:12:43,109 DEBUG org.flywaydb.core.internal.sqlscript.ParserSqlScript [main] Found statement at line 4: CREATE TABLE IF NOT EXISTS SUBCATEGORY(CID int, SCID int NOT NULL AUTO_INCREMENT PRIMARY KEY, TYPE varchar(20) NOT NULL, BRANDNAME varchar(50) NOT NULL, COSTPERKG int NOT NULL, OFFER int DEFAULT NULL, IMAGE BLOB DEFAULT NULL, CONSTRAINT FOREIGN KEY(CID) REFERENCES MAINCATEGORY(CID))
2019-12-10 19:12:43,109 DEBUG org.flywaydb.core.internal.sqlscript.ParserSqlScript [main] Found statement at line 4: CREATE TABLE IF NOT EXISTS SUBCATEGORY(CID int, SCID int NOT NULL AUTO_INCREMENT PRIMARY KEY, TYPE varchar(20) NOT NULL, BRANDNAME varchar(50) NOT NULL, COSTPERKG int NOT NULL, OFFER int DEFAULT NULL, IMAGE BLOB DEFAULT NULL, CONSTRAINT FOREIGN KEY(CID) REFERENCES MAINCATEGORY(CID))
2019-12-10 19:12:43,112 DEBUG org.flywaydb.core.internal.sqlscript.ParserSqlScript [main] Found statement at line 5: CREATE TABLE IF NOT EXISTS CART(USERID int, SCID int, QUANTITY int NOT NULL, CONSTRAINT FOREIGN KEY(USERID) REFERENCES USER(USERID), CONSTRAINT FOREIGN KEY(SCID) REFERENCES SUBCATEGORY(SCID))
2019-12-10 19:12:43,112 DEBUG org.flywaydb.core.internal.sqlscript.ParserSqlScript [main] Found statement at line 5: CREATE TABLE IF NOT EXISTS CART(USERID int, SCID int, QUANTITY int NOT NULL, CONSTRAINT FOREIGN KEY(USERID) REFERENCES USER(USERID), CONSTRAINT FOREIGN KEY(SCID) REFERENCES SUBCATEGORY(SCID))
2019-12-10 19:12:43,113 DEBUG org.flywaydb.core.internal.sqlscript.ParserSqlScript [main] Found statement at line 6: CREATE TABLE IF NOT EXISTS ORDERS(USERID int, SCID int, ORDERID int NOT NULL AUTO_INCREMENT PRIMARY KEY, QUANTITY int NOT NULL, STATUS varchar(15) NOT NULL, ORDERDATE DATETIME DEFAULT CURRENT_TIMESTAMP,  CONSTRAINT FOREIGN KEY(USERID) REFERENCES USER(USERID), CONSTRAINT FOREIGN KEY(SCID) REFERENCES SUBCATEGORY(SCID))
2019-12-10 19:12:43,113 DEBUG org.flywaydb.core.internal.sqlscript.ParserSqlScript [main] Found statement at line 6: CREATE TABLE IF NOT EXISTS ORDERS(USERID int, SCID int, ORDERID int NOT NULL AUTO_INCREMENT PRIMARY KEY, QUANTITY int NOT NULL, STATUS varchar(15) NOT NULL, ORDERDATE DATETIME DEFAULT CURRENT_TIMESTAMP,  CONSTRAINT FOREIGN KEY(USERID) REFERENCES USER(USERID), CONSTRAINT FOREIGN KEY(SCID) REFERENCES SUBCATEGORY(SCID))
2019-12-10 19:12:43,115 DEBUG org.flywaydb.core.internal.sqlscript.ParserSqlScript [main] Found statement at line 7: CREATE TABLE IF NOT EXISTS INVOICE(ORDERID int, DOCUMENT BLOB, CONSTRAINT FOREIGN KEY(ORDERID) REFERENCES ORDERS(ORDERID))
2019-12-10 19:12:43,115 DEBUG org.flywaydb.core.internal.sqlscript.ParserSqlScript [main] Found statement at line 7: CREATE TABLE IF NOT EXISTS INVOICE(ORDERID int, DOCUMENT BLOB, CONSTRAINT FOREIGN KEY(ORDERID) REFERENCES ORDERS(ORDERID))
2019-12-10 19:12:43,116 DEBUG org.flywaydb.core.internal.sqlscript.ParserSqlScript [main] Found statement at line 8: CREATE TABLE IF NOT EXISTS VERIFICATION(USERID int, CODE varchar(10) NOT NULL, TIMECREATED DATETIME DEFAULT CURRENT_TIMESTAMP, CONSTRAINT FOREIGN KEY(USERID) REFERENCES USER(USERID))
2019-12-10 19:12:43,116 DEBUG org.flywaydb.core.internal.sqlscript.ParserSqlScript [main] Found statement at line 8: CREATE TABLE IF NOT EXISTS VERIFICATION(USERID int, CODE varchar(10) NOT NULL, TIMECREATED DATETIME DEFAULT CURRENT_TIMESTAMP, CONSTRAINT FOREIGN KEY(USERID) REFERENCES USER(USERID))
2019-12-10 19:12:43,119 DEBUG org.flywaydb.core.internal.command.DbMigrate [main] Starting migration of schema `db` to version 1 - initial ...
2019-12-10 19:12:43,119 DEBUG org.flywaydb.core.internal.command.DbMigrate [main] Starting migration of schema `db` to version 1 - initial ...
2019-12-10 19:12:43,124 INFO org.flywaydb.core.internal.command.DbMigrate [main] Migrating schema `db` to version 1 - initial
2019-12-10 19:12:43,124 INFO org.flywaydb.core.internal.command.DbMigrate [main] Migrating schema `db` to version 1 - initial
2019-12-10 19:12:43,125 DEBUG org.flywaydb.core.internal.sqlscript.DefaultSqlScriptExecutor [main] Executing SQL: CREATE TABLE IF NOT EXISTS USER(USERID int NOT NULL AUTO_INCREMENT PRIMARY KEY, EMAILID varchar(50) NOT NULL UNIQUE, PASSWORD varchar(20) DEFAULT NULL, MOBILE varchar(15) DEFAULT NULL, FNAME varchar(15) NOT NULL, LNAME varchar(15) DEFAULT NULL, ROLE varchar(5), ACTIVE BOOL)
2019-12-10 19:12:43,125 DEBUG org.flywaydb.core.internal.sqlscript.DefaultSqlScriptExecutor [main] Executing SQL: CREATE TABLE IF NOT EXISTS USER(USERID int NOT NULL AUTO_INCREMENT PRIMARY KEY, EMAILID varchar(50) NOT NULL UNIQUE, PASSWORD varchar(20) DEFAULT NULL, MOBILE varchar(15) DEFAULT NULL, FNAME varchar(15) NOT NULL, LNAME varchar(15) DEFAULT NULL, ROLE varchar(5), ACTIVE BOOL)
2019-12-10 19:12:43,140 DEBUG org.flywaydb.core.internal.sqlscript.DefaultSqlScriptExecutor [main] Update Count: 0
2019-12-10 19:12:43,140 DEBUG org.flywaydb.core.internal.sqlscript.DefaultSqlScriptExecutor [main] Update Count: 0
2019-12-10 19:12:43,141 DEBUG org.flywaydb.core.internal.sqlscript.DefaultSqlScriptExecutor [main] Executing SQL: CREATE TABLE IF NOT EXISTS ADDRESS(USERID int, STREET varchar(30), CITY varchar(30), PIN varchar(10), CONSTRAINT FOREIGN KEY(USERID) REFERENCES USER(USERID))
2019-12-10 19:12:43,141 DEBUG org.flywaydb.core.internal.sqlscript.DefaultSqlScriptExecutor [main] Executing SQL: CREATE TABLE IF NOT EXISTS ADDRESS(USERID int, STREET varchar(30), CITY varchar(30), PIN varchar(10), CONSTRAINT FOREIGN KEY(USERID) REFERENCES USER(USERID))
2019-12-10 19:12:43,161 DEBUG org.flywaydb.core.internal.sqlscript.DefaultSqlScriptExecutor [main] Update Count: 0
2019-12-10 19:12:43,161 DEBUG org.flywaydb.core.internal.sqlscript.DefaultSqlScriptExecutor [main] Update Count: 0
2019-12-10 19:12:43,162 DEBUG org.flywaydb.core.internal.sqlscript.DefaultSqlScriptExecutor [main] Executing SQL: CREATE TABLE IF NOT EXISTS MAINCATEGORY(CID int NOT NULL AUTO_INCREMENT PRIMARY KEY, CATEGORY varchar(25) NOT NULL)
2019-12-10 19:12:43,162 DEBUG org.flywaydb.core.internal.sqlscript.DefaultSqlScriptExecutor [main] Executing SQL: CREATE TABLE IF NOT EXISTS MAINCATEGORY(CID int NOT NULL AUTO_INCREMENT PRIMARY KEY, CATEGORY varchar(25) NOT NULL)
2019-12-10 19:12:43,171 DEBUG org.flywaydb.core.internal.sqlscript.DefaultSqlScriptExecutor [main] Update Count: 0
2019-12-10 19:12:43,171 DEBUG org.flywaydb.core.internal.sqlscript.DefaultSqlScriptExecutor [main] Update Count: 0
2019-12-10 19:12:43,171 DEBUG org.flywaydb.core.internal.sqlscript.DefaultSqlScriptExecutor [main] Executing SQL: CREATE TABLE IF NOT EXISTS SUBCATEGORY(CID int, SCID int NOT NULL AUTO_INCREMENT PRIMARY KEY, TYPE varchar(20) NOT NULL, BRANDNAME varchar(50) NOT NULL, COSTPERKG int NOT NULL, OFFER int DEFAULT NULL, IMAGE BLOB DEFAULT NULL, CONSTRAINT FOREIGN KEY(CID) REFERENCES MAINCATEGORY(CID))
2019-12-10 19:12:43,171 DEBUG org.flywaydb.core.internal.sqlscript.DefaultSqlScriptExecutor [main] Executing SQL: CREATE TABLE IF NOT EXISTS SUBCATEGORY(CID int, SCID int NOT NULL AUTO_INCREMENT PRIMARY KEY, TYPE varchar(20) NOT NULL, BRANDNAME varchar(50) NOT NULL, COSTPERKG int NOT NULL, OFFER int DEFAULT NULL, IMAGE BLOB DEFAULT NULL, CONSTRAINT FOREIGN KEY(CID) REFERENCES MAINCATEGORY(CID))
2019-12-10 19:12:43,182 DEBUG org.flywaydb.core.internal.sqlscript.DefaultSqlScriptExecutor [main] Update Count: 0
2019-12-10 19:12:43,182 DEBUG org.flywaydb.core.internal.sqlscript.DefaultSqlScriptExecutor [main] Update Count: 0
2019-12-10 19:12:43,183 DEBUG org.flywaydb.core.internal.sqlscript.DefaultSqlScriptExecutor [main] Executing SQL: CREATE TABLE IF NOT EXISTS CART(USERID int, SCID int, QUANTITY int NOT NULL, CONSTRAINT FOREIGN KEY(USERID) REFERENCES USER(USERID), CONSTRAINT FOREIGN KEY(SCID) REFERENCES SUBCATEGORY(SCID))
2019-12-10 19:12:43,183 DEBUG org.flywaydb.core.internal.sqlscript.DefaultSqlScriptExecutor [main] Executing SQL: CREATE TABLE IF NOT EXISTS CART(USERID int, SCID int, QUANTITY int NOT NULL, CONSTRAINT FOREIGN KEY(USERID) REFERENCES USER(USERID), CONSTRAINT FOREIGN KEY(SCID) REFERENCES SUBCATEGORY(SCID))
2019-12-10 19:12:43,201 DEBUG org.flywaydb.core.internal.sqlscript.DefaultSqlScriptExecutor [main] Update Count: 0
2019-12-10 19:12:43,201 DEBUG org.flywaydb.core.internal.sqlscript.DefaultSqlScriptExecutor [main] Update Count: 0
2019-12-10 19:12:43,202 DEBUG org.flywaydb.core.internal.sqlscript.DefaultSqlScriptExecutor [main] Executing SQL: CREATE TABLE IF NOT EXISTS ORDERS(USERID int, SCID int, ORDERID int NOT NULL AUTO_INCREMENT PRIMARY KEY, QUANTITY int NOT NULL, STATUS varchar(15) NOT NULL, ORDERDATE DATETIME DEFAULT CURRENT_TIMESTAMP,  CONSTRAINT FOREIGN KEY(USERID) REFERENCES USER(USERID), CONSTRAINT FOREIGN KEY(SCID) REFERENCES SUBCATEGORY(SCID))
2019-12-10 19:12:43,202 DEBUG org.flywaydb.core.internal.sqlscript.DefaultSqlScriptExecutor [main] Executing SQL: CREATE TABLE IF NOT EXISTS ORDERS(USERID int, SCID int, ORDERID int NOT NULL AUTO_INCREMENT PRIMARY KEY, QUANTITY int NOT NULL, STATUS varchar(15) NOT NULL, ORDERDATE DATETIME DEFAULT CURRENT_TIMESTAMP,  CONSTRAINT FOREIGN KEY(USERID) REFERENCES USER(USERID), CONSTRAINT FOREIGN KEY(SCID) REFERENCES SUBCATEGORY(SCID))
2019-12-10 19:12:43,218 DEBUG org.flywaydb.core.internal.sqlscript.DefaultSqlScriptExecutor [main] Update Count: 0
2019-12-10 19:12:43,218 DEBUG org.flywaydb.core.internal.sqlscript.DefaultSqlScriptExecutor [main] Update Count: 0
2019-12-10 19:12:43,219 DEBUG org.flywaydb.core.internal.sqlscript.DefaultSqlScriptExecutor [main] Executing SQL: CREATE TABLE IF NOT EXISTS INVOICE(ORDERID int, DOCUMENT BLOB, CONSTRAINT FOREIGN KEY(ORDERID) REFERENCES ORDERS(ORDERID))
2019-12-10 19:12:43,219 DEBUG org.flywaydb.core.internal.sqlscript.DefaultSqlScriptExecutor [main] Executing SQL: CREATE TABLE IF NOT EXISTS INVOICE(ORDERID int, DOCUMENT BLOB, CONSTRAINT FOREIGN KEY(ORDERID) REFERENCES ORDERS(ORDERID))
2019-12-10 19:12:43,232 DEBUG org.flywaydb.core.internal.sqlscript.DefaultSqlScriptExecutor [main] Update Count: 0
2019-12-10 19:12:43,232 DEBUG org.flywaydb.core.internal.sqlscript.DefaultSqlScriptExecutor [main] Update Count: 0
2019-12-10 19:12:43,232 DEBUG org.flywaydb.core.internal.sqlscript.DefaultSqlScriptExecutor [main] Executing SQL: CREATE TABLE IF NOT EXISTS VERIFICATION(USERID int, CODE varchar(10) NOT NULL, TIMECREATED DATETIME DEFAULT CURRENT_TIMESTAMP, CONSTRAINT FOREIGN KEY(USERID) REFERENCES USER(USERID))
2019-12-10 19:12:43,232 DEBUG org.flywaydb.core.internal.sqlscript.DefaultSqlScriptExecutor [main] Executing SQL: CREATE TABLE IF NOT EXISTS VERIFICATION(USERID int, CODE varchar(10) NOT NULL, TIMECREATED DATETIME DEFAULT CURRENT_TIMESTAMP, CONSTRAINT FOREIGN KEY(USERID) REFERENCES USER(USERID))
2019-12-10 19:12:43,245 DEBUG org.flywaydb.core.internal.sqlscript.DefaultSqlScriptExecutor [main] Update Count: 0
2019-12-10 19:12:43,245 DEBUG org.flywaydb.core.internal.sqlscript.DefaultSqlScriptExecutor [main] Update Count: 0
2019-12-10 19:12:43,246 DEBUG org.flywaydb.core.internal.command.DbMigrate [main] Successfully completed migration of schema `db` to version 1 - initial
2019-12-10 19:12:43,246 DEBUG org.flywaydb.core.internal.command.DbMigrate [main] Successfully completed migration of schema `db` to version 1 - initial
2019-12-10 19:12:43,253 DEBUG org.flywaydb.core.internal.database.base.Table [main] Locking table `db`.`flyway_schema_history`...
2019-12-10 19:12:43,253 DEBUG org.flywaydb.core.internal.database.base.Table [main] Locking table `db`.`flyway_schema_history`...
2019-12-10 19:12:43,255 DEBUG org.flywaydb.core.internal.database.base.Table [main] Lock acquired for table `db`.`flyway_schema_history`
2019-12-10 19:12:43,255 DEBUG org.flywaydb.core.internal.database.base.Table [main] Lock acquired for table `db`.`flyway_schema_history`
2019-12-10 19:12:43,257 DEBUG org.flywaydb.core.internal.schemahistory.JdbcTableSchemaHistory [main] Schema History table `db`.`flyway_schema_history` successfully updated to reflect changes
2019-12-10 19:12:43,257 DEBUG org.flywaydb.core.internal.schemahistory.JdbcTableSchemaHistory [main] Schema History table `db`.`flyway_schema_history` successfully updated to reflect changes
2019-12-10 19:12:43,269 DEBUG org.flywaydb.core.internal.parser.Parser [main] Parsing V2__initial.sql ...
2019-12-10 19:12:43,269 DEBUG org.flywaydb.core.internal.parser.Parser [main] Parsing V2__initial.sql ...
2019-12-10 19:12:43,272 DEBUG org.flywaydb.core.internal.sqlscript.ParserSqlScript [main] Found statement at line 1: ALTER TABLE VERIFICATION ADD CONSTRAINT UNIQUE(USERID)
2019-12-10 19:12:43,272 DEBUG org.flywaydb.core.internal.sqlscript.ParserSqlScript [main] Found statement at line 1: ALTER TABLE VERIFICATION ADD CONSTRAINT UNIQUE(USERID)
2019-12-10 19:12:43,272 DEBUG org.flywaydb.core.internal.sqlscript.ParserSqlScript [main] Found statement at line 2: ALTER TABLE INVOICE ADD CONSTRAINT UNIQUE(ORDERID)
2019-12-10 19:12:43,272 DEBUG org.flywaydb.core.internal.sqlscript.ParserSqlScript [main] Found statement at line 2: ALTER TABLE INVOICE ADD CONSTRAINT UNIQUE(ORDERID)
2019-12-10 19:12:43,273 DEBUG org.flywaydb.core.internal.command.DbMigrate [main] Starting migration of schema `db` to version 2 - initial ...
2019-12-10 19:12:43,273 DEBUG org.flywaydb.core.internal.command.DbMigrate [main] Starting migration of schema `db` to version 2 - initial ...
2019-12-10 19:12:43,276 INFO org.flywaydb.core.internal.command.DbMigrate [main] Migrating schema `db` to version 2 - initial
2019-12-10 19:12:43,276 INFO org.flywaydb.core.internal.command.DbMigrate [main] Migrating schema `db` to version 2 - initial
2019-12-10 19:12:43,277 DEBUG org.flywaydb.core.internal.sqlscript.DefaultSqlScriptExecutor [main] Executing SQL: ALTER TABLE VERIFICATION ADD CONSTRAINT UNIQUE(USERID)
2019-12-10 19:12:43,277 DEBUG org.flywaydb.core.internal.sqlscript.DefaultSqlScriptExecutor [main] Executing SQL: ALTER TABLE VERIFICATION ADD CONSTRAINT UNIQUE(USERID)
2019-12-10 19:12:43,287 DEBUG org.flywaydb.core.internal.sqlscript.DefaultSqlScriptExecutor [main] Update Count: 0
2019-12-10 19:12:43,287 DEBUG org.flywaydb.core.internal.sqlscript.DefaultSqlScriptExecutor [main] Update Count: 0
2019-12-10 19:12:43,288 DEBUG org.flywaydb.core.internal.sqlscript.DefaultSqlScriptExecutor [main] Executing SQL: ALTER TABLE INVOICE ADD CONSTRAINT UNIQUE(ORDERID)
2019-12-10 19:12:43,288 DEBUG org.flywaydb.core.internal.sqlscript.DefaultSqlScriptExecutor [main] Executing SQL: ALTER TABLE INVOICE ADD CONSTRAINT UNIQUE(ORDERID)
2019-12-10 19:12:43,297 DEBUG org.flywaydb.core.internal.sqlscript.DefaultSqlScriptExecutor [main] Update Count: 0
2019-12-10 19:12:43,297 DEBUG org.flywaydb.core.internal.sqlscript.DefaultSqlScriptExecutor [main] Update Count: 0
2019-12-10 19:12:43,298 DEBUG org.flywaydb.core.internal.command.DbMigrate [main] Successfully completed migration of schema `db` to version 2 - initial
2019-12-10 19:12:43,298 DEBUG org.flywaydb.core.internal.command.DbMigrate [main] Successfully completed migration of schema `db` to version 2 - initial
2019-12-10 19:12:43,305 DEBUG org.flywaydb.core.internal.database.base.Table [main] Locking table `db`.`flyway_schema_history`...
2019-12-10 19:12:43,305 DEBUG org.flywaydb.core.internal.database.base.Table [main] Locking table `db`.`flyway_schema_history`...
2019-12-10 19:12:43,307 DEBUG org.flywaydb.core.internal.database.base.Table [main] Lock acquired for table `db`.`flyway_schema_history`
2019-12-10 19:12:43,307 DEBUG org.flywaydb.core.internal.database.base.Table [main] Lock acquired for table `db`.`flyway_schema_history`
2019-12-10 19:12:43,309 DEBUG org.flywaydb.core.internal.schemahistory.JdbcTableSchemaHistory [main] Schema History table `db`.`flyway_schema_history` successfully updated to reflect changes
2019-12-10 19:12:43,309 DEBUG org.flywaydb.core.internal.schemahistory.JdbcTableSchemaHistory [main] Schema History table `db`.`flyway_schema_history` successfully updated to reflect changes
2019-12-10 19:12:43,323 INFO org.flywaydb.core.internal.command.DbMigrate [main] Successfully applied 2 migrations to schema `db` (execution time 00:00.232s)
2019-12-10 19:12:43,323 INFO org.flywaydb.core.internal.command.DbMigrate [main] Successfully applied 2 migrations to schema `db` (execution time 00:00.232s)
2019-12-10 19:12:43,334 DEBUG org.flywaydb.core.Flyway [main] Memory usage: 68 of 277M
2019-12-10 19:12:43,334 DEBUG org.flywaydb.core.Flyway [main] Memory usage: 68 of 277M
2019-12-10 19:12:45,513 INFO com.miniproject.project.ProjectApplicationTests [main] Started ProjectApplicationTests in 5.188 seconds (JVM running for 6.485)
2019-12-10 19:18:43,836 INFO com.miniproject.project.ProjectApplicationTests [main] Starting ProjectApplicationTests on C02Y107JJGH5 with PID 66220 (started by i339628 in /Users/i339628/Project/ParentWorkspace/SpringModule)
2019-12-10 19:18:43,864 DEBUG com.miniproject.project.ProjectApplicationTests [main] Running with Spring Boot v2.2.1.RELEASE, Spring v5.2.1.RELEASE
2019-12-10 19:18:43,865 INFO com.miniproject.project.ProjectApplicationTests [main] No active profile set, falling back to default profiles: default
2019-12-10 19:18:45,058 INFO org.flywaydb.core.internal.license.VersionPrinter [main] Flyway Community Edition 6.0.8 by Redgate
2019-12-10 19:18:45,058 INFO org.flywaydb.core.internal.license.VersionPrinter [main] Flyway Community Edition 6.0.8 by Redgate
2019-12-10 19:18:45,062 DEBUG org.flywaydb.core.internal.scanner.classpath.ClassPathScanner [main] Scanning for classpath resources at 'classpath:db/migration' ...
2019-12-10 19:18:45,062 DEBUG org.flywaydb.core.internal.scanner.classpath.ClassPathScanner [main] Scanning for classpath resources at 'classpath:db/migration' ...
2019-12-10 19:18:45,062 DEBUG org.flywaydb.core.internal.scanner.classpath.ClassPathScanner [main] Determining location urls for classpath:db/migration using ClassLoader sun.misc.Launcher$AppClassLoader@4aa298b7 ...
2019-12-10 19:18:45,062 DEBUG org.flywaydb.core.internal.scanner.classpath.ClassPathScanner [main] Determining location urls for classpath:db/migration using ClassLoader sun.misc.Launcher$AppClassLoader@4aa298b7 ...
2019-12-10 19:18:45,063 DEBUG org.flywaydb.core.internal.scanner.classpath.ClassPathScanner [main] Scanning URL: file:/Users/i339628/Project/ParentWorkspace/SpringModule/target/classes/db/migration
2019-12-10 19:18:45,063 DEBUG org.flywaydb.core.internal.scanner.classpath.ClassPathScanner [main] Scanning URL: file:/Users/i339628/Project/ParentWorkspace/SpringModule/target/classes/db/migration
2019-12-10 19:18:45,064 DEBUG org.flywaydb.core.internal.util.FeatureDetector [main] JBoss VFS v2 available: false
2019-12-10 19:18:45,064 DEBUG org.flywaydb.core.internal.util.FeatureDetector [main] JBoss VFS v2 available: false
2019-12-10 19:18:45,066 DEBUG org.flywaydb.core.internal.scanner.classpath.FileSystemClassPathLocationScanner [main] Scanning starting at classpath root in filesystem: /Users/i339628/Project/ParentWorkspace/SpringModule/target/classes/
2019-12-10 19:18:45,066 DEBUG org.flywaydb.core.internal.scanner.classpath.FileSystemClassPathLocationScanner [main] Scanning starting at classpath root in filesystem: /Users/i339628/Project/ParentWorkspace/SpringModule/target/classes/
2019-12-10 19:18:45,066 DEBUG org.flywaydb.core.internal.scanner.classpath.FileSystemClassPathLocationScanner [main] Scanning for resources in path: /Users/i339628/Project/ParentWorkspace/SpringModule/target/classes/db/migration (db/migration)
2019-12-10 19:18:45,066 DEBUG org.flywaydb.core.internal.scanner.classpath.FileSystemClassPathLocationScanner [main] Scanning for resources in path: /Users/i339628/Project/ParentWorkspace/SpringModule/target/classes/db/migration (db/migration)
2019-12-10 19:18:45,068 DEBUG org.flywaydb.core.internal.scanner.classpath.ClassPathScanner [main] Found resource: db/migration/V1__initial.sql
2019-12-10 19:18:45,068 DEBUG org.flywaydb.core.internal.scanner.classpath.ClassPathScanner [main] Found resource: db/migration/V1__initial.sql
2019-12-10 19:18:45,069 DEBUG org.flywaydb.core.internal.scanner.classpath.ClassPathScanner [main] Found resource: db/migration/V2__initial.sql
2019-12-10 19:18:45,069 DEBUG org.flywaydb.core.internal.scanner.classpath.ClassPathScanner [main] Found resource: db/migration/V2__initial.sql
2019-12-10 19:18:45,069 DEBUG org.flywaydb.core.internal.scanner.classpath.ClassPathScanner [main] Scanning for classes at classpath:db/migration
2019-12-10 19:18:45,069 DEBUG org.flywaydb.core.internal.scanner.classpath.ClassPathScanner [main] Scanning for classes at classpath:db/migration
2019-12-10 19:18:45,638 INFO org.flywaydb.core.internal.database.DatabaseFactory [main] Database: jdbc:mysql://localhost:3306/db (MySQL 8.0)
2019-12-10 19:18:45,638 INFO org.flywaydb.core.internal.database.DatabaseFactory [main] Database: jdbc:mysql://localhost:3306/db (MySQL 8.0)
2019-12-10 19:18:45,639 DEBUG org.flywaydb.core.internal.database.DatabaseFactory [main] Driver  : MySQL Connector/J mysql-connector-java-8.0.18 (Revision: fef2894d751d47223192b706977b4a5bc41e6be4)
2019-12-10 19:18:45,639 DEBUG org.flywaydb.core.internal.database.DatabaseFactory [main] Driver  : MySQL Connector/J mysql-connector-java-8.0.18 (Revision: fef2894d751d47223192b706977b4a5bc41e6be4)
2019-12-10 19:18:45,651 DEBUG org.flywaydb.core.Flyway [main] DDL Transactions Supported: false
2019-12-10 19:18:45,651 DEBUG org.flywaydb.core.Flyway [main] DDL Transactions Supported: false
2019-12-10 19:18:45,658 DEBUG org.flywaydb.core.Flyway [main] Schema: db
2019-12-10 19:18:45,658 DEBUG org.flywaydb.core.Flyway [main] Schema: db
2019-12-10 19:18:45,661 DEBUG org.flywaydb.core.internal.callback.SqlScriptCallbackFactory [main] Scanning for SQL callbacks ...
2019-12-10 19:18:45,661 DEBUG org.flywaydb.core.internal.callback.SqlScriptCallbackFactory [main] Scanning for SQL callbacks ...
2019-12-10 19:18:45,668 DEBUG org.flywaydb.core.internal.command.DbValidate [main] Validating migrations ...
2019-12-10 19:18:45,668 DEBUG org.flywaydb.core.internal.command.DbValidate [main] Validating migrations ...
2019-12-10 19:18:45,677 DEBUG org.flywaydb.core.internal.scanner.Scanner [main] Filtering out resource: db/migration/V1__initial.sql (filename: V1__initial.sql)
2019-12-10 19:18:45,677 DEBUG org.flywaydb.core.internal.scanner.Scanner [main] Filtering out resource: db/migration/V1__initial.sql (filename: V1__initial.sql)
2019-12-10 19:18:45,678 DEBUG org.flywaydb.core.internal.scanner.Scanner [main] Filtering out resource: db/migration/V2__initial.sql (filename: V2__initial.sql)
2019-12-10 19:18:45,678 DEBUG org.flywaydb.core.internal.scanner.Scanner [main] Filtering out resource: db/migration/V2__initial.sql (filename: V2__initial.sql)
2019-12-10 19:18:45,695 INFO org.flywaydb.core.internal.command.DbValidate [main] Successfully validated 2 migrations (execution time 00:00.025s)
2019-12-10 19:18:45,695 INFO org.flywaydb.core.internal.command.DbValidate [main] Successfully validated 2 migrations (execution time 00:00.025s)
2019-12-10 19:18:45,709 INFO org.flywaydb.core.internal.command.DbMigrate [main] Current version of schema `db`: 2
2019-12-10 19:18:45,709 INFO org.flywaydb.core.internal.command.DbMigrate [main] Current version of schema `db`: 2
2019-12-10 19:18:45,711 INFO org.flywaydb.core.internal.command.DbMigrate [main] Schema `db` is up to date. No migration necessary.
2019-12-10 19:18:45,711 INFO org.flywaydb.core.internal.command.DbMigrate [main] Schema `db` is up to date. No migration necessary.
2019-12-10 19:18:45,718 DEBUG org.flywaydb.core.Flyway [main] Memory usage: 54 of 281M
2019-12-10 19:18:45,718 DEBUG org.flywaydb.core.Flyway [main] Memory usage: 54 of 281M
2019-12-10 19:18:47,577 INFO com.miniproject.project.ProjectApplicationTests [main] Started ProjectApplicationTests in 3.927 seconds (JVM running for 5.005)
